{
  "issue_number": 5893,
  "title": "test: test_secure_connect failed",
  "body": "## Bug Report\r\n```\r\n[2019-11-14T06:51:18.193Z] thread 'raftstore::test_transport::test_secure_connect' panicked at 'called `Result::unwrap()` on an `Err` value: Other(\"[components/test_raftstore/src/cluster.rs:286]: can\\'t get leader of region 1\")', src/libcore/result.rs:1165:5\r\n[2019-11-14T06:51:18.193Z] stack backtrace:\r\n[2019-11-14T06:51:18.193Z]    0: backtrace::backtrace::libunwind::trace\r\n[2019-11-14T06:51:18.193Z]              at /cargo/registry/src/github.com-1ecc6299db9ec823/backtrace-0.3.35/src/backtrace/libunwind.rs:88\r\n[2019-11-14T06:51:18.193Z]    1: backtrace::backtrace::trace_unsynchronized\r\n[2019-11-14T06:51:18.193Z]              at /cargo/registry/src/github.com-1ecc6299db9ec823/backtrace-0.3.35/src/backtrace/mod.rs:66\r\n[2019-11-14T06:51:18.193Z]    2: std::sys_common::backtrace::_print\r\n[2019-11-14T06:51:18.193Z]              at src/libstd/sys_common/backtrace.rs:47\r\n[2019-11-14T06:51:18.193Z]    3: std::sys_common::backtrace::print\r\n[2019-11-14T06:51:18.193Z]              at src/libstd/sys_common/backtrace.rs:36\r\n[2019-11-14T06:51:18.193Z]    4: std::panicking::default_hook::{{closure}}\r\n[2019-11-14T06:51:18.193Z]              at src/libstd/panicking.rs:200\r\n[2019-11-14T06:51:18.193Z]    5: std::panicking::default_hook\r\n[2019-11-14T06:51:18.193Z]              at src/libstd/panicking.rs:214\r\n[2019-11-14T06:51:18.193Z]    6: std::panicking::rust_panic_with_hook\r\n[2019-11-14T06:51:18.193Z]              at src/libstd/panicking.rs:477\r\n[2019-11-14T06:51:18.193Z]    7: std::panicking::continue_panic_fmt\r\n[2019-11-14T06:51:18.193Z]              at src/libstd/panicking.rs:384\r\n[2019-11-14T06:51:18.193Z]    8: rust_begin_unwind\r\n[2019-11-14T06:51:18.193Z]              at src/libstd/panicking.rs:311\r\n[2019-11-14T06:51:18.193Z]    9: core::panicking::panic_fmt\r\n[2019-11-14T06:51:18.193Z]              at src/libcore/panicking.rs:85\r\n[2019-11-14T06:51:18.193Z]   10: core::result::unwrap_failed\r\n[2019-11-14T06:51:18.193Z]              at src/libcore/result.rs:1165\r\n[2019-11-14T06:51:18.193Z]   11: core::result::Result<T,E>::unwrap\r\n[2019-11-14T06:51:18.193Z]              at /rustc/c6e9c76c59e3c10acd63ca9ec157a8894ea1a068/src/libcore/result.rs:933\r\n[2019-11-14T06:51:18.193Z]   12: test_raftstore::cluster::Cluster<T>::request\r\n[2019-11-14T06:51:18.193Z]              at ./components/test_raftstore/src/cluster.rs:596\r\n[2019-11-14T06:51:18.193Z]   13: test_raftstore::cluster::Cluster<T>::must_put_cf\r\n[2019-11-14T06:51:18.193Z]              at ./components/test_raftstore/src/cluster.rs:684\r\n[2019-11-14T06:51:18.193Z]   14: test_raftstore::cluster::Cluster<T>::must_put\r\n[2019-11-14T06:51:18.193Z]              at ./components/test_raftstore/src/cluster.rs:680\r\n[2019-11-14T06:51:18.193Z]   15: integrations::raftstore::test_transport::test_secure_connect\r\n[2019-11-14T06:51:18.193Z]              at tests/integrations/raftstore/test_transport.rs:59\r\n[2019-11-14T06:51:18.193Z]   16: integrations::raftstore::test_transport::test_secure_connect::{{closure}}\r\n[2019-11-14T06:51:18.193Z]              at tests/integrations/raftstore/test_transport.rs:53\r\n[2019-11-14T06:51:18.193Z]   17: core::ops::function::FnOnce::call_once\r\n[2019-11-14T06:51:18.193Z]              at /rustc/c6e9c76c59e3c10acd63ca9ec157a8894ea1a068/src/libcore/ops/function.rs:227\r\n[2019-11-14T06:51:18.193Z]   18: <alloc::boxed::Box<F> as core::ops::function::FnOnce<A>>::call_once\r\n[2019-11-14T06:51:18.193Z]              at /rustc/c6e9c76c59e3c10acd63ca9ec157a8894ea1a068/src/liballoc/boxed.rs:922\r\n[2019-11-14T06:51:18.193Z]   19: __rust_maybe_catch_panic\r\n[2019-11-14T06:51:18.193Z]              at src/libpanic_unwind/lib.rs:80\r\n[2019-11-14T06:51:18.193Z]   20: std::panicking::try\r\n[2019-11-14T06:51:18.193Z]              at /rustc/c6e9c76c59e3c10acd63ca9ec157a8894ea1a068/src/libstd/panicking.rs:275\r\n[2019-11-14T06:51:18.193Z]   21: std::panic::catch_unwind\r\n[2019-11-14T06:51:18.193Z]              at /rustc/c6e9c76c59e3c10acd63ca9ec157a8894ea1a068/src/libstd/panic.rs:394\r\n[2019-11-14T06:51:18.193Z]   22: test::run_test::run_test_inner::{{closure}}\r\n[2019-11-14T06:51:18.193Z]              at src/libtest/lib.rs:1413\r\n[2019-11-14T06:51:18.193Z] note: Some details are omitted, run with `RUST_BACKTRACE=full` for a verbose backtrace.\r\n[2019-11-14T06:51:18.453Z] test raftstore::test_transport::test_secure_connect ... FAILED\r\n[2019-11-14T06:51:18.453Z] \r\n[2019-11-14T06:51:18.453Z] failures:\r\n[2019-11-14T06:51:18.453Z] \r\n[2019-11-14T06:51:18.453Z] failures:\r\n[2019-11-14T06:51:18.453Z]     raftstore::test_transport::test_secure_connect\r\n```\r\nhttps://internal.pingcap.net/idc-jenkins/blue/rest/organizations/jenkins/pipelines/tikv_ghpr_test/runs/11833/nodes/311/steps/1412/log/?start=0\r\n",
  "state": "closed",
  "created_at": "2019-11-14T07:38:36Z",
  "updated_at": "2020-11-17T08:43:57Z",
  "closed_at": "2020-11-17T08:43:57Z",
  "labels": [
    "type/bug",
    "sig/raft",
    "priority/low",
    "severity/minor"
  ],
  "comments_data": []
}