{
  "issue_number": 3268,
  "title": "test raftstore_cases::test_merge::test_node_merge_brain_split failed",
  "body": "```\r\ntest raftstore_cases::test_merge::test_node_merge_brain_split ... thread 'raftstore_cases::test_merge::test_node_merge_brain_split' panicked at 'region id: 1000 end_key: \"k2\" region_epoch {conf_ver: 1 version: 2} peers {id: 1001 store_id: 2} peers {id: 1002 store_id: 1} peers {id: 1003 store_id: 3} is still not merged.', tests/raftstore/pd.rs:817:9\r\nnote: Some details are omitted, run with `RUST_BACKTRACE=full` for a verbose backtrace.\r\nstack backtrace:\r\n   0: std::sys::unix::backtrace::tracing::imp::unwind_backtrace\r\n             at libstd/sys/unix/backtrace/tracing/gcc_s.rs:49\r\n   1: std::sys_common::backtrace::print\r\n             at libstd/sys_common/backtrace.rs:71\r\n             at libstd/sys_common/backtrace.rs:59\r\n   2: std::panicking::default_hook::{{closure}}\r\n             at libstd/panicking.rs:211\r\n   3: std::panicking::default_hook\r\n             at libstd/panicking.rs:227\r\n   4: std::panicking::rust_panic_with_hook\r\n             at libstd/panicking.rs:511\r\n   5: std::panicking::continue_panic_fmt\r\n             at libstd/panicking.rs:426\r\n   6: std::panicking::begin_panic_fmt\r\n             at libstd/panicking.rs:413\r\n   7: integrations::raftstore::pd::TestPdClient::must_merge\r\n             at tests/raftstore/pd.rs:817\r\n   8: integrations::raftstore_cases::test_merge::test_node_merge_brain_split\r\n             at tests/raftstore_cases/test_merge.rs:367\r\n   9: integrations::__test::TESTS::{{closure}}\r\n             at tests/raftstore_cases/test_merge.rs:345\r\n  10: core::ops::function::FnOnce::call_once\r\n             at /checkout/src/libcore/ops/function.rs:223\r\n  11: <F as alloc::boxed::FnBox<A>>::call_box\r\n             at libtest/lib.rs:1451\r\n             at /checkout/src/libcore/ops/function.rs:223\r\n             at /checkout/src/liballoc/boxed.rs:640\r\n  12: __rust_maybe_catch_panic\r\n             at libpanic_unwind/lib.rs:105\r\nFAILED\r\ntest raftstore_cases::test_merge::test_node_\r\n```",
  "state": "closed",
  "created_at": "2018-06-29T17:26:02Z",
  "updated_at": "2018-08-09T17:24:26Z",
  "closed_at": "2018-08-09T17:24:26Z",
  "labels": [
    "type/bug"
  ],
  "comments_data": [
    {
      "id": 407645570,
      "user": "overvenus",
      "created_at": "2018-07-25T06:16:46Z",
      "body": "Another failed test, https://circleci.com/gh/overvenus/tikv/659"
    },
    {
      "id": 408579239,
      "user": "breezewish",
      "created_at": "2018-07-28T03:26:15Z",
      "body": "This test now fails at a very high probability, even in my local environment."
    },
    {
      "id": 409100140,
      "user": "breezewish",
      "created_at": "2018-07-31T05:33:00Z",
      "body": "Just a list of recently failed tests due to this issue:\r\n\r\nhttps://circleci.com/gh/pingcap/tikv/12005\r\nhttps://circleci.com/gh/pingcap/tikv/11991\r\nhttps://circleci.com/gh/pingcap/tikv/11978\r\nhttps://circleci.com/gh/pingcap/tikv/12003\r\nhttps://circleci.com/gh/pingcap/tikv/11984\r\nhttps://circleci.com/gh/pingcap/tikv/11962\r\nhttps://circleci.com/gh/pingcap/tikv/11953"
    },
    {
      "id": 409100192,
      "user": "breezewish",
      "created_at": "2018-07-31T05:33:20Z",
      "body": "@BusyJay PTAL"
    }
  ]
}