{
  "issue_number": 4247,
  "title": "test coprocessor::endpoint::tests::test_handle_time failed",
  "body": "```\r\ntest coprocessor::endpoint::tests::test_handle_time ... thread 'coprocessor::endpoint::tests::test_handle_time' panicked at 'assertion failed: resp[1].get_exec_details().get_handle_time().get_process_ms() >= 1500', src/coprocessor/endpoint.rs:1170:13\r\n\r\nnote: Some details are omitted, run with `RUST_BACKTRACE=full` for a verbose backtrace.\r\n\r\nstack backtrace:\r\n\r\n   0: std::sys::unix::backtrace::tracing::imp::unwind_backtrace\r\n\r\n             at libstd/sys/unix/backtrace/tracing/gcc_s.rs:49\r\n\r\n   1: std::sys_common::backtrace::print\r\n\r\n             at libstd/sys_common/backtrace.rs:71\r\n\r\n             at libstd/sys_common/backtrace.rs:59\r\n\r\n   2: std::panicking::default_hook::{{closure}}\r\n\r\n             at libstd/panicking.rs:211\r\n\r\n   3: std::panicking::default_hook\r\n\r\n             at libstd/panicking.rs:227\r\n\r\n   4: std::panicking::rust_panic_with_hook\r\n\r\n             at libstd/panicking.rs:475\r\n\r\n   5: std::panicking::begin_panic\r\n\r\n             at /checkout/src/libstd/panicking.rs:409\r\n\r\n   6: tikv::coprocessor::endpoint::tests::test_handle_time\r\n\r\n             at src/coprocessor/endpoint.rs:1170\r\n\r\n   7: tikv::__test::TESTS::{{closure}}\r\n\r\n             at src/coprocessor/endpoint.rs:1012\r\n\r\n   8: core::ops::function::FnOnce::call_once\r\n\r\n             at /checkout/src/libcore/ops/function.rs:223\r\n\r\n   9: <F as alloc::boxed::FnBox<A>>::call_box\r\n\r\n             at libtest/lib.rs:1454\r\n\r\n             at /checkout/src/libcore/ops/function.rs:223\r\n\r\n             at /checkout/src/liballoc/boxed.rs:640\r\n\r\n  10: __rust_maybe_catch_panic\r\n\r\n             at libpanic_unwind/lib.rs:106\r\n\r\nFAILED\r\n```\r\nhttps://internal.pingcap.net/idc-jenkins/blue/organizations/jenkins/tikv_ghpr_test/detail/tikv_ghpr_test/1596/pipeline/",
  "state": "closed",
  "created_at": "2019-02-20T09:23:24Z",
  "updated_at": "2019-02-27T06:10:14Z",
  "closed_at": "2019-02-27T06:10:14Z",
  "labels": [
    "type/bug",
    "component/test-bench"
  ],
  "comments_data": [
    {
      "id": 465657689,
      "user": "breezewish",
      "created_at": "2019-02-20T16:41:29Z",
      "body": "Already fixed before in master."
    },
    {
      "id": 465658230,
      "user": "breezewish",
      "created_at": "2019-02-20T16:42:41Z",
      "body": "Looks like in master we have not seen such errors for a while. So the fix in master is effective. I will propose a PR to cherry pick the fix to release-2.1."
    }
  ]
}