{
  "issue_number": 4102,
  "title": "raftstore::store::fsm::batch::tests::test_batch fails unexpectedly",
  "body": "As stated in issue title. I've seen this one fail many times. No further info.",
  "state": "closed",
  "created_at": "2019-01-23T08:22:48Z",
  "updated_at": "2019-09-26T10:07:37Z",
  "closed_at": "2019-09-26T10:07:37Z",
  "labels": [
    "type/bug",
    "component/test-bench"
  ],
  "comments_data": [
    {
      "id": 533789636,
      "user": "ghost",
      "created_at": "2019-09-21T11:14:25Z",
      "body": "```\r\ntest raftstore::coprocessor::split_check::size::tests::test_region_maybe_inaccurate_approximate_size ... ok\r\nthread 'raftstore::store::fsm::batch::tests::test_batch' panicked at 'called `Result::unwrap()` on an `Err` value: \"Disconnected(..)\"', src/libcore/result.rs:1084:5\r\nstack backtrace:\r\ntest raftstore::store::fsm::apply::tests::test_handle_raft_committed_entries ... ok\r\ntest raftstore::store::fsm::router::tests::bench_send ... ok\r\ntest raftstore::store::fsm::router::tests::test_basic ... ok\r\ntest raftstore::store::fsm::store::tests::test_calc_region_declined_bytes ... ok\r\ntest raftstore::store::fsm::store::tests::test_is_range_covered ... ok\r\ntest raftstore::store::peer::tests::test_entry_context ... ok\r\ntest raftstore::store::peer::tests::test_request_inspector ... ok\r\ntest raftstore::store::peer::tests::test_sync_log ... ok\r\ntest raftstore::store::peer::tests::test_urgent ... ok\r\ntest raftstore::store::fsm::apply::tests::test_split ... ok\r\ntest raftstore::store::peer_storage::tests::test_storage_append ... ok\r\ntest raftstore::store::peer_storage::tests::test_storage_apply_snapshot ... ok\r\n   0: backtrace::backtrace::libunwind::trace\r\n             at /home/user/.cargo/registry/src/github.com-1ecc6299db9ec823/backtrace-0.3.35/src/backtrace/libunwind.rs:88\r\n   1: backtrace::backtrace::trace_unsynchronized\r\n             at /home/user/.cargo/registry/src/github.com-1ecc6299db9ec823/backtrace-0.3.35/src/backtrace/mod.rs:66\r\n   2: std::sys_common::backtrace::_print\r\n             at src/libstd/sys_common/backtrace.rs:47\r\n   3: std::sys_common::backtrace::print\r\n             at src/libstd/sys_common/backtrace.rs:36\r\n   4: std::panicking::default_hook::{{closure}}\r\n             at src/libstd/panicking.rs:200\r\n   5: std::panicking::default_hook\r\n             at src/libstd/panicking.rs:214\r\n   6: panic_hook::track_hook::{{closure}}\r\n             at ./components/panic_hook/src/lib.rs:48\r\n   7: std::thread::local::LocalKey<T>::try_with\r\n             at /home/user/build/2nonpkgs/rust.stuff/rust/rust/src/libstd/thread/local.rs:262\r\n   8: std::thread::local::LocalKey<T>::with\r\n             at /home/user/build/2nonpkgs/rust.stuff/rust/rust/src/libstd/thread/local.rs:239\r\n   9: panic_hook::track_hook\r\n             at ./components/panic_hook/src/lib.rs:42\r\n  10: core::ops::function::Fn::call\r\n             at /home/user/build/2nonpkgs/rust.stuff/rust/rust/src/libcore/ops/function.rs:69\r\n  11: std::panicking::rust_panic_with_hook\r\n             at src/libstd/panicking.rs:481\r\n  12: std::panicking::continue_panic_fmt\r\n             at src/libstd/panicking.rs:384\r\n  13: rust_begin_unwind\r\n             at src/libstd/panicking.rs:311\r\n  14: core::panicking::panic_fmt\r\n             at src/libcore/panicking.rs:85\r\n  15: core::result::unwrap_failed\r\n             at src/libcore/result.rs:1084\r\ntest raftstore::store::peer_storage::tests::test_canceling_snapshot ... ok\r\n  16: core::result::Result<T,E>::unwrap\r\n             at /home/user/build/2nonpkgs/rust.stuff/rust/rust/src/libcore/result.rs:852\r\n  17: tikv::raftstore::store::fsm::batch::tests::test_batch\r\n             at ./src/raftstore/store/fsm/batch.rs:570\r\n  18: tikv::raftstore::store::fsm::batch::tests::test_batch::{{closure}}\r\n             at ./src/raftstore/store/fsm/batch.rs:549\r\n  19: core::ops::function::FnOnce::call_once\r\n             at /home/user/build/2nonpkgs/rust.stuff/rust/rust/src/libcore/ops/function.rs:227\r\n  20: <alloc::boxed::Box<F> as core::ops::function::FnOnce<A>>::call_once\r\n             at /home/user/build/2nonpkgs/rust.stuff/rust/rust/src/liballoc/boxed.rs:922\r\n  21: __rust_maybe_catch_panic\r\n             at src/libpanic_unwind/lib.rs:80\r\n  22: std::panicking::try\r\n             at /home/user/build/2nonpkgs/rust.stuff/rust/rust/src/libstd/panicking.rs:275\r\n  23: test::run_test::run_test_inner::{{closure}}\r\n             at src/libtest/lib.rs:1413\r\nnote: Some details are omitted, run with `RUST_BACKTRACE=full` for a verbose backtrace.\r\ntest raftstore::store::fsm::batch::tests::test_batch ... FAILED\r\n```"
    },
    {
      "id": 533790240,
      "user": "ghost",
      "created_at": "2019-09-21T11:23:30Z",
      "body": "**NEVERMIND, it still fails with -j1 sometimes** //looks like it doesn't fail with `make -j1 test`:\r\n`test raftstore::store::fsm::batch::tests::test_batch ... ok`\r\nso, is it some kind of race thing? or due to parallelism, the router.send doesn't get a chance to finish sending before `system.shutdown()` is reached? (I can't pretend to understand, this is my first time here)\r\n\r\n\r\nhmmm... others are sometimes(?) failing via `make -j1 test`:\r\n\r\n<details>\r\n\r\n```\r\ntest raftstore::store::peer::tests::test_request_inspector ... ok\r\nthread 'test-split-1::test_split' panicked at 'called `Result::unwrap()` on an `Err` value: \"SendError(..)\"', src/libcore/result.rs:1084:5\r\nstack backtrace:\r\ntest raftstore::store::fsm::apply::tests::test_split ... ok\r\ntest raftstore::store::peer_storage::tests::test_storage_apply_snapshot ... ok\r\ntest raftstore::store::peer_storage::tests::test_storage_cache_fetch ... ok\r\ntest raftstore::store::peer_storage::tests::test_storage_append ... ok\r\ntest raftstore::store::peer_storage::tests::test_storage_clear_meta ... ok\r\ntest raftstore::store::peer_storage::tests::test_storage_cache_update ... ok\r\ntest raftstore::store::peer_storage::tests::test_storage_create_snapshot ... ok\r\ntest raftstore::store::peer_storage::tests::test_storage_compact ... ok\r\n   0: backtrace::backtrace::libunwind::trace\r\n             at /home/user/.cargo/registry/src/github.com-1ecc6299db9ec823/backtrace-0.3.35/src/backtrace/libunwind.rs:88\r\n   1: backtrace::backtrace::trace_unsynchronized\r\n             at /home/user/.cargo/registry/src/github.com-1ecc6299db9ec823/backtrace-0.3.35/src/backtrace/mod.rs:66\r\n   2: std::sys_common::backtrace::_print\r\n             at src/libstd/sys_common/backtrace.rs:47\r\n   3: std::sys_common::backtrace::print\r\n             at src/libstd/sys_common/backtrace.rs:36\r\n   4: std::panicking::default_hook::{{closure}}\r\n             at src/libstd/panicking.rs:200\r\n   5: std::panicking::default_hook\r\n             at src/libstd/panicking.rs:214\r\n   6: panic_hook::track_hook::{{closure}}\r\n             at ./components/panic_hook/src/lib.rs:48\r\n   7: std::thread::local::LocalKey<T>::try_with\r\n             at /home/user/build/2nonpkgs/rust.stuff/rust/rust/src/libstd/thread/local.rs:262\r\n   8: std::thread::local::LocalKey<T>::with\r\n             at /home/user/build/2nonpkgs/rust.stuff/rust/rust/src/libstd/thread/local.rs:239\r\n   9: panic_hook::track_hook\r\n             at ./components/panic_hook/src/lib.rs:42\r\n  10: core::ops::function::Fn::call\r\n             at /home/user/build/2nonpkgs/rust.stuff/rust/rust/src/libcore/ops/function.rs:69\r\n  11: std::panicking::rust_panic_with_hook\r\n             at src/libstd/panicking.rs:481\r\n  12: std::panicking::continue_panic_fmt\r\n             at src/libstd/panicking.rs:384\r\n  13: rust_begin_unwind\r\n             at src/libstd/panicking.rs:311\r\n  14: core::panicking::panic_fmt\r\n             at src/libcore/panicking.rs:85\r\n  15: core::result::unwrap_failed\r\n             at src/libcore/result.rs:1084\r\ntest raftstore::store::peer_storage::tests::test_canceling_snapshot ... ok\r\ntest raftstore::store::peer_storage::tests::test_sync_log ... ok\r\n  16: core::result::Result<T,E>::unwrap\r\n             at /home/user/build/2nonpkgs/rust.stuff/rust/rust/src/libcore/result.rs:852\r\n  17: tikv::raftstore::store::fsm::apply::Notifier::notify\r\n             at ./src/raftstore/store/fsm/apply.rs:270\r\n  18: tikv::raftstore::store::fsm::apply::ApplyContext::flush\r\n             at ./src/raftstore/store/fsm/apply.rs:457\r\n  19: <tikv::raftstore::store::fsm::apply::ApplyPoller as tikv::raftstore::store::fsm::batch::PollHandler<tikv::raftstore::store::fsm::apply::ApplyFsm,tikv::raftstore::store::fsm::apply::ControlFsm>>::end\r\n             at ./src/raftstore/store/fsm/apply.rs:2765\r\n  20: tikv::raftstore::store::fsm::batch::Poller<N,C,Handler>::poll\r\n             at ./src/raftstore/store/fsm/batch.rs:324\r\n  21: tikv::raftstore::store::fsm::batch::BatchSystem<N,C>::spawn::{{closure}}\r\n             at ./src/raftstore/store/fsm/batch.rs:387\r\nnote: Some details are omitted, run with `RUST_BACKTRACE=full` for a verbose backtrace.\r\ntest raftstore::store::peer_storage::tests::test_try_finish_snapshot ... ok\r\n```\r\n\r\n</details>\r\n\r\neven test_bench itself fails sometimes with `make -j1 test` so I guess I was wrong about `-j1`:\r\n\r\n<details>\r\n\r\n```\r\ntest raftstore::store::peer_storage::tests::test_storage_apply_snapshot ... ok\r\n   0: backtrace::backtrace::libunwind::trace\r\n             at /home/user/.cargo/registry/src/github.com-1ecc6299db9ec823/backtrace-0.3.35/src/backtrace/libunwind.rs:88\r\n   1: backtrace::backtrace::trace_unsynchronized\r\n             at /home/user/.cargo/registry/src/github.com-1ecc6299db9ec823/backtrace-0.3.35/src/backtrace/mod.rs:66\r\n   2: std::sys_common::backtrace::_print\r\n             at src/libstd/sys_common/backtrace.rs:47\r\n   3: std::sys_common::backtrace::print\r\n             at src/libstd/sys_common/backtrace.rs:36\r\n   4: std::panicking::default_hook::{{closure}}\r\n             at src/libstd/panicking.rs:200\r\n   5: std::panicking::default_hook\r\n             at src/libstd/panicking.rs:214\r\n   6: panic_hook::track_hook::{{closure}}\r\n             at ./components/panic_hook/src/lib.rs:48\r\n   7: std::thread::local::LocalKey<T>::try_with\r\n             at /home/user/build/2nonpkgs/rust.stuff/rust/rust/src/libstd/thread/local.rs:262\r\n   8: std::thread::local::LocalKey<T>::with\r\n             at /home/user/build/2nonpkgs/rust.stuff/rust/rust/src/libstd/thread/local.rs:239\r\n   9: panic_hook::track_hook\r\n             at ./components/panic_hook/src/lib.rs:42\r\n  10: core::ops::function::Fn::call\r\n             at /home/user/build/2nonpkgs/rust.stuff/rust/rust/src/libcore/ops/function.rs:69\r\n  11: std::panicking::rust_panic_with_hook\r\n             at src/libstd/panicking.rs:481\r\n  12: std::panicking::continue_panic_fmt\r\n             at src/libstd/panicking.rs:384\r\n  13: rust_begin_unwind\r\n             at src/libstd/panicking.rs:311\r\n  14: core::panicking::panic_fmt\r\n             at src/libcore/panicking.rs:85\r\n  15: core::result::unwrap_failed\r\n             at src/libcore/result.rs:1084\r\ntest raftstore::store::peer_storage::tests::test_canceling_snapshot ... ok\r\n  16: core::result::Result<T,E>::unwrap\r\n             at /home/user/build/2nonpkgs/rust.stuff/rust/rust/src/libcore/result.rs:852\r\n  17: tikv::raftstore::store::fsm::batch::tests::test_batch\r\n             at ./src/raftstore/store/fsm/batch.rs:570\r\n  18: tikv::raftstore::store::fsm::batch::tests::test_batch::{{closure}}\r\n             at ./src/raftstore/store/fsm/batch.rs:549\r\ntest raftstore::store::peer_storage::tests::test_storage_cache_fetch ... ok\r\n  19: core::ops::function::FnOnce::call_once\r\n             at /home/user/build/2nonpkgs/rust.stuff/rust/rust/src/libcore/ops/function.rs:227\r\n  20: <alloc::boxed::Box<F> as core::ops::function::FnOnce<A>>::call_once\r\n             at /home/user/build/2nonpkgs/rust.stuff/rust/rust/src/liballoc/boxed.rs:922\r\n  21: __rust_maybe_catch_panic\r\n             at src/libpanic_unwind/lib.rs:80\r\n  22: std::panicking::try\r\n             at /home/user/build/2nonpkgs/rust.stuff/rust/rust/src/libstd/panicking.rs:275\r\n  23: test::run_test::run_test_inner::{{closure}}\r\n             at src/libtest/lib.rs:1413\r\nnote: Some details are omitted, run with `RUST_BACKTRACE=full` for a verbose backtrace.\r\ntest raftstore::store::fsm::batch::tests::test_batch ... FAILED\r\n```\r\n\r\n</details>\r\n"
    },
    {
      "id": 533791139,
      "user": "ghost",
      "created_at": "2019-09-21T11:39:01Z",
      "body": "It always succeeds when ran alone:\r\n\r\n<details>\r\n\r\n```\r\n$ time RUSTFLAGS=-Cdebuginfo=2 cargo test --no-default-features --features \"jemalloc portable sse\"  --all raftstore::store::fsm::batch::tests::test_batch -- --nocapture\r\n!! master-installed (default)\r\n!! Executing '/home/user/build/2nonpkgs/rust.stuff/cargo/cargo//target/release//cargo' in pwd='/home/user/build/2nonpkgs/rust.stuff/tikv' with args(8): 'test --no-default-features --features jemalloc portable sse --all raftstore::store::fsm::batch::tests::test_batch -- --nocapture'\r\n    Finished dev [unoptimized + debuginfo] target(s) in 0.49s\r\n     Running target/debug/deps/backup-3d77748bf0893451\r\n\r\nrunning 0 tests\r\n\r\ntest result: ok. 0 passed; 0 failed; 0 ignored; 0 measured; 7 filtered out\r\n\r\n     Running target/debug/deps/cmd-cd47d90dd2d92671\r\n\r\nrunning 0 tests\r\n\r\ntest result: ok. 0 passed; 0 failed; 0 ignored; 0 measured; 0 filtered out\r\n\r\n     Running target/debug/deps/tikv_ctl-e281e4fc291c1abf\r\n\r\nrunning 0 tests\r\n\r\ntest result: ok. 0 passed; 0 failed; 0 ignored; 0 measured; 2 filtered out\r\n\r\n     Running target/debug/deps/tikv_server-be2c63cda78fb5be\r\n\r\nrunning 0 tests\r\n\r\ntest result: ok. 0 passed; 0 failed; 0 ignored; 0 measured; 0 filtered out\r\n\r\n     Running target/debug/deps/codec-044d8c0f849c42ff\r\n\r\nrunning 0 tests\r\n\r\ntest result: ok. 0 passed; 0 failed; 0 ignored; 0 measured; 82 filtered out\r\n\r\n     Running target/debug/deps/engine-74a3f402fb75a157\r\n\r\nrunning 0 tests\r\n\r\ntest result: ok. 0 passed; 0 failed; 0 ignored; 0 measured; 25 filtered out\r\n\r\n     Running target/debug/deps/external_storage-4988e07a9142350b\r\n\r\nrunning 0 tests\r\n\r\ntest result: ok. 0 passed; 0 failed; 0 ignored; 0 measured; 3 filtered out\r\n\r\n     Running target/debug/deps/fuzz-f3dff793f29c1988\r\n\r\nrunning 0 tests\r\n\r\ntest result: ok. 0 passed; 0 failed; 0 ignored; 0 measured; 0 filtered out\r\n\r\n     Running target/debug/deps/fuzz_targets-e1b24d370909a745\r\n\r\nrunning 0 tests\r\n\r\ntest result: ok. 0 passed; 0 failed; 0 ignored; 0 measured; 0 filtered out\r\n\r\n     Running target/debug/deps/fuzzer_afl-86ef046e621fda5c\r\n\r\nrunning 0 tests\r\n\r\ntest result: ok. 0 passed; 0 failed; 0 ignored; 0 measured; 0 filtered out\r\n\r\n     Running target/debug/deps/fuzzer_honggfuzz-5e5cd434dd44c0b1\r\n\r\nrunning 0 tests\r\n\r\ntest result: ok. 0 passed; 0 failed; 0 ignored; 0 measured; 0 filtered out\r\n\r\n     Running target/debug/deps/fuzzer_libfuzzer-0a320d96cf63c736\r\n\r\nrunning 0 tests\r\n\r\ntest result: ok. 0 passed; 0 failed; 0 ignored; 0 measured; 0 filtered out\r\n\r\n     Running target/debug/deps/keys-827caf0ee685ffee\r\n\r\nrunning 0 tests\r\n\r\ntest result: ok. 0 passed; 0 failed; 0 ignored; 0 measured; 7 filtered out\r\n\r\n     Running target/debug/deps/log_wrappers-27fd1652dd182864\r\n\r\nrunning 0 tests\r\n\r\ntest result: ok. 0 passed; 0 failed; 0 ignored; 0 measured; 2 filtered out\r\n\r\n     Running target/debug/deps/match_template-973ec91222b82bee\r\n\r\nrunning 0 tests\r\n\r\ntest result: ok. 0 passed; 0 failed; 0 ignored; 0 measured; 2 filtered out\r\n\r\n     Running target/debug/deps/panic_hook-445b56961b21beaa\r\n\r\nrunning 0 tests\r\n\r\ntest result: ok. 0 passed; 0 failed; 0 ignored; 0 measured; 0 filtered out\r\n\r\n     Running target/debug/deps/pd_client-e2e754210a98801c\r\n\r\nrunning 0 tests\r\n\r\ntest result: ok. 0 passed; 0 failed; 0 ignored; 0 measured; 1 filtered out\r\n\r\n     Running target/debug/deps/profiler-aa4b6882167b555d\r\n\r\nrunning 0 tests\r\n\r\ntest result: ok. 0 passed; 0 failed; 0 ignored; 0 measured; 0 filtered out\r\n\r\n     Running target/debug/deps/sst_importer-c279486799555bed\r\n\r\nrunning 0 tests\r\n\r\ntest result: ok. 0 passed; 0 failed; 0 ignored; 0 measured; 4 filtered out\r\n\r\n     Running target/debug/deps/test_coprocessor-cebbe16622e369b9\r\n\r\nrunning 0 tests\r\n\r\ntest result: ok. 0 passed; 0 failed; 0 ignored; 0 measured; 1 filtered out\r\n\r\n     Running target/debug/deps/test_raftstore-85e5f31375589c5f\r\n\r\nrunning 0 tests\r\n\r\ntest result: ok. 0 passed; 0 failed; 0 ignored; 0 measured; 0 filtered out\r\n\r\n     Running target/debug/deps/test_storage-aba225bd4fcdc0b7\r\n\r\nrunning 0 tests\r\n\r\ntest result: ok. 0 passed; 0 failed; 0 ignored; 0 measured; 0 filtered out\r\n\r\n     Running target/debug/deps/test_util-2820b084c43f6ca3\r\n\r\nrunning 0 tests\r\n\r\ntest result: ok. 0 passed; 0 failed; 0 ignored; 0 measured; 1 filtered out\r\n\r\n     Running target/debug/deps/tidb_query-da60cd5a9b0811bf\r\n\r\nrunning 0 tests\r\n\r\ntest result: ok. 0 passed; 0 failed; 0 ignored; 0 measured; 508 filtered out\r\n\r\n     Running target/debug/deps/tidb_query_codegen-635361f42feeabab\r\n\r\nrunning 0 tests\r\n\r\ntest result: ok. 0 passed; 0 failed; 0 ignored; 0 measured; 11 filtered out\r\n\r\n     Running target/debug/deps/tidb_query_datatype-19262fb96d973530\r\n\r\nrunning 0 tests\r\n\r\ntest result: ok. 0 passed; 0 failed; 0 ignored; 0 measured; 0 filtered out\r\n\r\n     Running target/debug/deps/tikv-0d464be78c7cb863\r\n\r\nrunning 1 test\r\ntest raftstore::store::fsm::batch::tests::test_batch ... ok\r\n\r\ntest result: ok. 1 passed; 0 failed; 0 ignored; 0 measured; 284 filtered out\r\n\r\n     Running target/debug/deps/integrations-a283a729118a796d\r\n\r\nrunning 0 tests\r\n\r\ntest result: ok. 0 passed; 0 failed; 0 ignored; 0 measured; 289 filtered out\r\n\r\n     Running target/debug/deps/tikv_alloc-2c60ad8db6142120\r\n\r\nrunning 0 tests\r\n\r\ntest result: ok. 0 passed; 0 failed; 0 ignored; 0 measured; 1 filtered out\r\n\r\n     Running target/debug/deps/tikv_util-a03b4aa877ab0f1b\r\n\r\nrunning 0 tests\r\n\r\ntest result: ok. 0 passed; 0 failed; 0 ignored; 0 measured; 119 filtered out\r\n\r\n     Running target/debug/deps/tipb_helper-ff680ee65dacb9c6\r\n\r\nrunning 0 tests\r\n\r\ntest result: ok. 0 passed; 0 failed; 0 ignored; 0 measured; 0 filtered out\r\n\r\n\r\nreal\t0m1.022s\r\nuser\t0m0.635s\r\nsys\t0m0.261s\r\n```\r\n\r\n</details>\r\n"
    },
    {
      "id": 533796558,
      "user": "ghost",
      "created_at": "2019-09-21T13:04:57Z",
      "body": "`--test-threads=1` seems to \"solve\" the issue, at the cost of time(which is significant)\r\n\r\n<details>\r\n\r\n```diff\r\ndiff --git a/Makefile b/Makefile\r\nindex 25da2e99..4f665d81 100644\r\n--- a/Makefile\r\n+++ b/Makefile\r\n@@ -180,11 +180,11 @@ test:\r\n \texport DYLD_LIBRARY_PATH=\"${DYLD_LIBRARY_PATH}:${LOCAL_DIR}/lib\" && \\\r\n \texport LOG_LEVEL=DEBUG && \\\r\n \texport RUST_BACKTRACE=1 && \\\r\n-\tcargo test --no-default-features --features \"${ENABLE_FEATURES}\" --all ${EXTRA_CARGO_ARGS} -- --nocapture && \\\r\n-\tcargo test --no-default-features --features \"${ENABLE_FEATURES}\" --all --bench misc ${EXTRA_CARGO_ARGS} -- --nocapture  && \\\r\n+\tcargo test --no-default-features --features \"${ENABLE_FEATURES}\" --all ${EXTRA_CARGO_ARGS} -- --nocapture --test-threads=1 && \\\r\n+\tcargo test --no-default-features --features \"${ENABLE_FEATURES}\" --all --bench misc ${EXTRA_CARGO_ARGS} -- --nocapture --test-threads=1 && \\\r\n \tif [[ \"`uname`\" == \"Linux\" ]]; then \\\r\n \t\texport MALLOC_CONF=prof:true,prof_active:false && \\\r\n-\t\tcargo test --no-default-features --features \"${ENABLE_FEATURES},mem-profiling\" ${EXTRA_CARGO_ARGS} --bin tikv-server -- --nocapture --ignored; \\\r\n+\t\tcargo test --no-default-features --features \"${ENABLE_FEATURES},mem-profiling\" ${EXTRA_CARGO_ARGS} --bin tikv-server -- --nocapture --ignored --test-threads=1; \\\r\n \tfi\r\n \tbash scripts/check-bins-for-jemalloc.sh\r\n ```\r\n\r\n</details>\r\n\r\nI wonder if there's a way (to tell `cargo` ?) to, at the end of the tests, automatically re-run failed tests with `--test-threads=1`...\r\n\r\nActually [one of them still failed(a different one):](https://github.com/tikv/tikv/issues/4356)\r\n\r\n<details>\r\n\r\n```\r\n$ time RUSTFLAGS=-Cdebuginfo=2 make test\r\n...\r\ntest raftstore::test_conf_change::test_server_split_brain ... glibc64:../sysdeps/posix/getaddrinfo.c:2201/getaddrinfo: integrations-a283a729118a796d[1012951](full:'/home/user/build/2nonpkgs/rust.stuff/tikv/target/debug/deps/integrations-a283a729118a796d') for user user(1000(eff:user(1000))) 1of2 attempting to resolve (requested)hostname:\r\n127.0.0.1\r\nglibc64:../sysdeps/posix/getaddrinfo.c:2201/getaddrinfo: integrations-a283a729118a796d[1012951](full:'/home/user/build/2nonpkgs/rust.stuff/tikv/target/debug/deps/integrations-a283a729118a796d') for user user(1000(eff:user(1000))) 2of2 successfully resolved requested hostname('127.0.0.1') which was not transformed('127.0.0.1') as follows:\r\n127.0.0.1 127.0.0.1\r\nglibc64:../sysdeps/posix/getaddrinfo.c:2201/getaddrinfo: integrations-a283a729118a796d[1012951](full:'/home/user/build/2nonpkgs/rust.stuff/tikv/target/debug/deps/integrations-a283a729118a796d') for user user(1000(eff:user(1000))) 1of2 attempting to resolve (requested)hostname:\r\n127.0.0.1\r\nglibc64:../sysdeps/posix/getaddrinfo.c:2201/getaddrinfo: integrations-a283a729118a796d[1012951](full:'/home/user/build/2nonpkgs/rust.stuff/tikv/target/debug/deps/integrations-a283a729118a796d') for user user(1000(eff:user(1000))) 2of2 successfully resolved requested hostname('127.0.0.1') which was not transformed('127.0.0.1') as follows:\r\n127.0.0.1 127.0.0.1\r\nglibc64:../sysdeps/posix/getaddrinfo.c:2201/getaddrinfo: integrations-a283a729118a796d[1012951](full:'/home/user/build/2nonpkgs/rust.stuff/tikv/target/debug/deps/integrations-a283a729118a796d') for user user(1000(eff:user(1000))) 1of2 attempting to resolve (requested)hostname:\r\n127.0.0.1\r\nglibc64:../sysdeps/posix/getaddrinfo.c:2201/getaddrinfo: integrations-a283a729118a796d[1012951](full:'/home/user/build/2nonpkgs/rust.stuff/tikv/target/debug/deps/integrations-a283a729118a796d') for user user(1000(eff:user(1000))) 2of2 successfully resolved requested hostname('127.0.0.1') which was not transformed('127.0.0.1') as follows:\r\n127.0.0.1 127.0.0.1\r\nglibc64:../sysdeps/posix/getaddrinfo.c:2201/getaddrinfo: integrations-a283a729118a796d[1012951](full:'/home/user/build/2nonpkgs/rust.stuff/tikv/target/debug/deps/integrations-a283a729118a796d') for user user(1000(eff:user(1000))) 1of2 attempting to resolve (requested)hostname:\r\n127.0.0.1\r\nglibc64:../sysdeps/posix/getaddrinfo.c:2201/getaddrinfo: integrations-a283a729118a796d[1012951](full:'/home/user/build/2nonpkgs/rust.stuff/tikv/target/debug/deps/integrations-a283a729118a796d') for user user(1000(eff:user(1000))) 2of2 successfully resolved requested hostname('127.0.0.1') which was not transformed('127.0.0.1') as follows:\r\n127.0.0.1 127.0.0.1\r\nglibc64:../sysdeps/posix/getaddrinfo.c:2201/getaddrinfo: integrations-a283a729118a796d[1012951](full:'/home/user/build/2nonpkgs/rust.stuff/tikv/target/debug/deps/integrations-a283a729118a796d') for user user(1000(eff:user(1000))) 1of2 attempting to resolve (requested)hostname:\r\n127.0.0.1\r\nglibc64:../sysdeps/posix/getaddrinfo.c:2201/getaddrinfo: integrations-a283a729118a796d[1012951](full:'/home/user/build/2nonpkgs/rust.stuff/tikv/target/debug/deps/integrations-a283a729118a796d') for user user(1000(eff:user(1000))) 2of2 successfully resolved requested hostname('127.0.0.1') which was not transformed('127.0.0.1') as follows:\r\n127.0.0.1 127.0.0.1\r\nglibc64:../sysdeps/posix/getaddrinfo.c:2201/getaddrinfo: integrations-a283a729118a796d[1012951](full:'/home/user/build/2nonpkgs/rust.stuff/tikv/target/debug/deps/integrations-a283a729118a796d') for user user(1000(eff:user(1000))) 1of2 attempting to resolve (requested)hostname:\r\n127.0.0.1\r\nglibc64:../sysdeps/posix/getaddrinfo.c:2201/getaddrinfo: integrations-a283a729118a796d[1012951](full:'/home/user/build/2nonpkgs/rust.stuff/tikv/target/debug/deps/integrations-a283a729118a796d') for user user(1000(eff:user(1000))) 2of2 successfully resolved requested hostname('127.0.0.1') which was not transformed('127.0.0.1') as follows:\r\n127.0.0.1 127.0.0.1\r\nglibc64:../sysdeps/posix/getaddrinfo.c:2201/getaddrinfo: integrations-a283a729118a796d[1012951](full:'/home/user/build/2nonpkgs/rust.stuff/tikv/target/debug/deps/integrations-a283a729118a796d') for user user(1000(eff:user(1000))) 1of2 attempting to resolve (requested)hostname:\r\n127.0.0.1\r\nglibc64:../sysdeps/posix/getaddrinfo.c:2201/getaddrinfo: integrations-a283a729118a796d[1012951](full:'/home/user/build/2nonpkgs/rust.stuff/tikv/target/debug/deps/integrations-a283a729118a796d') for user user(1000(eff:user(1000))) 2of2 successfully resolved requested hostname('127.0.0.1') which was not transformed('127.0.0.1') as follows:\r\n127.0.0.1 127.0.0.1\r\nglibc64:../sysdeps/posix/getaddrinfo.c:2201/getaddrinfo: integrations-a283a729118a796d[1012951](full:'/home/user/build/2nonpkgs/rust.stuff/tikv/target/debug/deps/integrations-a283a729118a796d') for user user(1000(eff:user(1000))) 1of2 attempting to resolve (requested)hostname:\r\n127.0.0.1\r\nglibc64:../sysdeps/posix/getaddrinfo.c:2201/getaddrinfo: integrations-a283a729118a796d[1012951](full:'/home/user/build/2nonpkgs/rust.stuff/tikv/target/debug/deps/integrations-a283a729118a796d') for user user(1000(eff:user(1000))) 2of2 successfully resolved requested hostname('127.0.0.1') which was not transformed('127.0.0.1') as follows:\r\n127.0.0.1 127.0.0.1\r\nglibc64:../sysdeps/posix/getaddrinfo.c:2201/getaddrinfo: integrations-a283a729118a796d[1012951](full:'/home/user/build/2nonpkgs/rust.stuff/tikv/target/debug/deps/integrations-a283a729118a796d') for user user(1000(eff:user(1000))) 1of2 attempting to resolve (requested)hostname:\r\n127.0.0.1\r\nglibc64:../sysdeps/posix/getaddrinfo.c:2201/getaddrinfo: integrations-a283a729118a796d[1012951](full:'/home/user/build/2nonpkgs/rust.stuff/tikv/target/debug/deps/integrations-a283a729118a796d') for user user(1000(eff:user(1000))) 2of2 successfully resolved requested hostname('127.0.0.1') which was not transformed('127.0.0.1') as follows:\r\n127.0.0.1 127.0.0.1\r\nglibc64:../sysdeps/posix/getaddrinfo.c:2201/getaddrinfo: integrations-a283a729118a796d[1012951](full:'/home/user/build/2nonpkgs/rust.stuff/tikv/target/debug/deps/integrations-a283a729118a796d') for user user(1000(eff:user(1000))) 1of2 attempting to resolve (requested)hostname:\r\n127.0.0.1\r\nglibc64:../sysdeps/posix/getaddrinfo.c:2201/getaddrinfo: integrations-a283a729118a796d[1012951](full:'/home/user/build/2nonpkgs/rust.stuff/tikv/target/debug/deps/integrations-a283a729118a796d') for user user(1000(eff:user(1000))) 2of2 successfully resolved requested hostname('127.0.0.1') which was not transformed('127.0.0.1') as follows:\r\n127.0.0.1 127.0.0.1\r\nglibc64:../sysdeps/posix/getaddrinfo.c:2201/getaddrinfo: integrations-a283a729118a796d[1012951](full:'/home/user/build/2nonpkgs/rust.stuff/tikv/target/debug/deps/integrations-a283a729118a796d') for user user(1000(eff:user(1000))) 1of2 attempting to resolve (requested)hostname:\r\n127.0.0.1\r\nglibc64:../sysdeps/posix/getaddrinfo.c:2201/getaddrinfo: integrations-a283a729118a796d[1012951](full:'/home/user/build/2nonpkgs/rust.stuff/tikv/target/debug/deps/integrations-a283a729118a796d') for user user(1000(eff:user(1000))) 2of2 successfully resolved requested hostname('127.0.0.1') which was not transformed('127.0.0.1') as follows:\r\n127.0.0.1 127.0.0.1\r\nglibc64:../sysdeps/posix/getaddrinfo.c:2201/getaddrinfo: integrations-a283a729118a796d[1012951](full:'/home/user/build/2nonpkgs/rust.stuff/tikv/target/debug/deps/integrations-a283a729118a796d') for user user(1000(eff:user(1000))) 1of2 attempting to resolve (requested)hostname:\r\n127.0.0.1\r\nglibc64:../sysdeps/posix/getaddrinfo.c:2201/getaddrinfo: integrations-a283a729118a796d[1012951](full:'/home/user/build/2nonpkgs/rust.stuff/tikv/target/debug/deps/integrations-a283a729118a796d') for user user(1000(eff:user(1000))) 2of2 successfully resolved requested hostname('127.0.0.1') which was not transformed('127.0.0.1') as follows:\r\n127.0.0.1 127.0.0.1\r\nglibc64:../sysdeps/posix/getaddrinfo.c:2201/getaddrinfo: integrations-a283a729118a796d[1012951](full:'/home/user/build/2nonpkgs/rust.stuff/tikv/target/debug/deps/integrations-a283a729118a796d') for user user(1000(eff:user(1000))) 1of2 attempting to resolve (requested)hostname:\r\n127.0.0.1\r\nglibc64:../sysdeps/posix/getaddrinfo.c:2201/getaddrinfo: integrations-a283a729118a796d[1012951](full:'/home/user/build/2nonpkgs/rust.stuff/tikv/target/debug/deps/integrations-a283a729118a796d') for user user(1000(eff:user(1000))) 2of2 successfully resolved requested hostname('127.0.0.1') which was not transformed('127.0.0.1') as follows:\r\n127.0.0.1 127.0.0.1\r\nglibc64:../sysdeps/posix/getaddrinfo.c:2201/getaddrinfo: integrations-a283a729118a796d[1012951](full:'/home/user/build/2nonpkgs/rust.stuff/tikv/target/debug/deps/integrations-a283a729118a796d') for user user(1000(eff:user(1000))) 1of2 attempting to resolve (requested)hostname:\r\n127.0.0.1\r\nglibc64:../sysdeps/posix/getaddrinfo.c:2201/getaddrinfo: integrations-a283a729118a796d[1012951](full:'/home/user/build/2nonpkgs/rust.stuff/tikv/target/debug/deps/integrations-a283a729118a796d') for user user(1000(eff:user(1000))) 2of2 successfully resolved requested hostname('127.0.0.1') which was not transformed('127.0.0.1') as follows:\r\n127.0.0.1 127.0.0.1\r\nthread 'main' panicked at 'region Some(id: 1 region_epoch { conf_ver: 3 version: 1 } peers { id: 1 store_id: 1 } peers { id: 2 store_id: 2 } peers { id: 3 store_id: 3 }) has no peer id: 4 store_id: 4', /home/user/build/2nonpkgs/rust.stuff/tikv/components/test_raftstore/src/pd.rs:753:9\r\nstack backtrace:\r\n   0: backtrace::backtrace::libunwind::trace\r\n             at /home/user/.cargo/registry/src/github.com-1ecc6299db9ec823/backtrace-0.3.35/src/backtrace/libunwind.rs:88\r\n   1: backtrace::backtrace::trace_unsynchronized\r\n             at /home/user/.cargo/registry/src/github.com-1ecc6299db9ec823/backtrace-0.3.35/src/backtrace/mod.rs:66\r\n   2: std::sys_common::backtrace::_print\r\n             at src/libstd/sys_common/backtrace.rs:47\r\n   3: std::sys_common::backtrace::print\r\n             at src/libstd/sys_common/backtrace.rs:36\r\n   4: std::panicking::default_hook::{{closure}}\r\n             at src/libstd/panicking.rs:200\r\n   5: std::panicking::default_hook\r\n             at src/libstd/panicking.rs:214\r\n   6: std::panicking::rust_panic_with_hook\r\n             at src/libstd/panicking.rs:477\r\n   7: std::panicking::continue_panic_fmt\r\n             at src/libstd/panicking.rs:384\r\n   8: std::panicking::begin_panic_fmt\r\n             at src/libstd/panicking.rs:339\r\n   9: test_raftstore::pd::TestPdClient::must_have_peer\r\n             at ./components/test_raftstore/src/pd.rs:753\r\n  10: test_raftstore::pd::TestPdClient::must_add_peer\r\n             at ./components/test_raftstore/src/pd.rs:850\r\n  11: integrations::raftstore::test_conf_change::test_split_brain\r\n             at ./tests/integrations/raftstore/test_conf_change.rs:442\r\n  12: integrations::raftstore::test_conf_change::test_server_split_brain\r\n             at ./tests/integrations/raftstore/test_conf_change.rs:498\r\n  13: integrations::raftstore::test_conf_change::test_server_split_brain::{{closure}}\r\n             at ./tests/integrations/raftstore/test_conf_change.rs:495\r\n  14: core::ops::function::FnOnce::call_once\r\n             at /home/user/build/2nonpkgs/rust.stuff/rust/rust/src/libcore/ops/function.rs:227\r\n  15: <alloc::boxed::Box<F> as core::ops::function::FnOnce<A>>::call_once\r\n             at /home/user/build/2nonpkgs/rust.stuff/rust/rust/src/liballoc/boxed.rs:922\r\n  16: __rust_maybe_catch_panic\r\n             at src/libpanic_unwind/lib.rs:80\r\n  17: std::panicking::try\r\n             at /home/user/build/2nonpkgs/rust.stuff/rust/rust/src/libstd/panicking.rs:275\r\n  18: test::run_test::run_test_inner::{{closure}}\r\n             at src/libtest/lib.rs:1413\r\n  19: test::run_test::run_test_inner\r\n             at src/libtest/lib.rs:1435\r\n  20: test::run_test\r\n             at src/libtest/lib.rs:1454\r\n  21: test::run_tests\r\n             at src/libtest/lib.rs:1107\r\n  22: test::run_tests_console\r\n             at src/libtest/lib.rs:957\r\n  23: test::test_main\r\n             at src/libtest/lib.rs:295\r\n  24: test::test_main_static\r\n             at src/libtest/lib.rs:329\r\n  25: integrations::main\r\n  26: std::rt::lang_start::{{closure}}\r\n             at /home/user/build/2nonpkgs/rust.stuff/rust/rust/src/libstd/rt.rs:64\r\n  27: std::rt::lang_start_internal::{{closure}}\r\n             at src/libstd/rt.rs:49\r\n  28: std::panicking::try::do_call\r\n             at src/libstd/panicking.rs:296\r\n  29: __rust_maybe_catch_panic\r\n             at src/libpanic_unwind/lib.rs:80\r\n  30: std::panicking::try\r\n             at src/libstd/panicking.rs:275\r\n  31: std::panic::catch_unwind\r\n             at src/libstd/panic.rs:394\r\n  32: std::rt::lang_start_internal\r\n             at src/libstd/rt.rs:48\r\n  33: std::rt::lang_start\r\n             at /home/user/build/2nonpkgs/rust.stuff/rust/rust/src/libstd/rt.rs:64\r\n  34: main\r\n  35: __libc_start_main\r\n             at /home/user/build/1packages/4used/glibc/makepkg_pacman/glibc/src/glibc/csu/libc-start.c:308\r\n  36: _start\r\nnote: Some details are omitted, run with `RUST_BACKTRACE=full` for a verbose backtrace.\r\nglibc64:../sysdeps/posix/getaddrinfo.c:2201/getaddrinfo: integrations-a283a729118a796d[1012951](full:'/home/user/build/2nonpkgs/rust.stuff/tikv/target/debug/deps/integrations-a283a729118a796d') for user user(1000(eff:user(1000))) 1of2 attempting to resolve (requested)hostname:\r\n127.0.0.1\r\nglibc64:../sysdeps/posix/getaddrinfo.c:2201/getaddrinfo: integrations-a283a729118a796d[1012951](full:'/home/user/build/2nonpkgs/rust.stuff/tikv/target/debug/deps/integrations-a283a729118a796d') for user user(1000(eff:user(1000))) 2of2 successfully resolved requested hostname('127.0.0.1') which was not transformed('127.0.0.1') as follows:\r\n127.0.0.1 127.0.0.1\r\nglibc64:../sysdeps/posix/getaddrinfo.c:2201/getaddrinfo: integrations-a283a729118a796d[1012951](full:'/home/user/build/2nonpkgs/rust.stuff/tikv/target/debug/deps/integrations-a283a729118a796d') for user user(1000(eff:user(1000))) 1of2 attempting to resolve (requested)hostname:\r\n127.0.0.1\r\nglibc64:../sysdeps/posix/getaddrinfo.c:2201/getaddrinfo: integrations-a283a729118a796d[1012951](full:'/home/user/build/2nonpkgs/rust.stuff/tikv/target/debug/deps/integrations-a283a729118a796d') for user user(1000(eff:user(1000))) 2of2 successfully resolved requested hostname('127.0.0.1') which was not transformed('127.0.0.1') as follows:\r\n127.0.0.1 127.0.0.1\r\nglibc64:../sysdeps/posix/getaddrinfo.c:2201/getaddrinfo: integrations-a283a729118a796d[1012951](full:'/home/user/build/2nonpkgs/rust.stuff/tikv/target/debug/deps/integrations-a283a729118a796d') for user user(1000(eff:user(1000))) 1of2 attempting to resolve (requested)hostname:\r\n127.0.0.1\r\nglibc64:../sysdeps/posix/getaddrinfo.c:2201/getaddrinfo: integrations-a283a729118a796d[1012951](full:'/home/user/build/2nonpkgs/rust.stuff/tikv/target/debug/deps/integrations-a283a729118a796d') for user user(1000(eff:user(1000))) 2of2 successfully resolved requested hostname('127.0.0.1') which was not transformed('127.0.0.1') as follows:\r\n127.0.0.1 127.0.0.1\r\nFAILED\r\ntest raftstore::test_conf_change::test_server_transfer_leader_safe ... glibc64:../sysdeps/posix/getaddrinfo.c:2201/getaddrinfo: integrations-a283a729118a796d[1012951](full:'/home/user/build/2nonpkgs/rust.stuff/tikv/target/debug/deps/integrations-a283a729118a796d') for user user(1000(eff:user(1000))) 1of2 attempting to resolve (requested)hostname:\r\n127.0.0.1\r\nglibc64:../sysdeps/posix/getaddrinfo.c:2201/getaddrinfo: integrations-a283a729118a796d[1012951](full:'/home/user/build/2nonpkgs/rust.stuff/tikv/target/debug/deps/integrations-a283a729118a796d') for user user(1000(eff:user(1000))) 2of2 successfully resolved requested hostname('127.0.0.1') which was not transformed('127.0.0.1') as follows:\r\n127.0.0.1 127.0.0.1\r\nglibc64:../sysdeps/posix/getaddrinfo.c:2201/getaddrinfo: integrations-a283a729118a796d[1012951](full:'/home/user/build/2nonpkgs/rust.stuff/tikv/target/debug/deps/integrations-a283a729118a796d') for user user(1000(eff:user(1000))) 1of2 attempting to resolve (requested)hostname:\r\n127.0.0.1\r\nglibc64:../sysdeps/posix/getaddrinfo.c:2201/getaddrinfo: integrations-a283a729118a796d[1012951](full:'/home/user/build/2nonpkgs/rust.stuff/tikv/target/debug/deps/integrations-a283a729118a796d') for user user(1000(eff:user(1000))) 2of2 successfully resolved requested hostname('127.0.0.1') which was not transformed('127.0.0.1') as follows:\r\n127.0.0.1 127.0.0.1\r\nglibc64:../sysdeps/posix/getaddrinfo.c:2201/getaddrinfo: integrations-a283a729118a796d[1012951](full:'/home/user/build/2nonpkgs/rust.stuff/tikv/target/debug/deps/integrations-a283a729118a796d') for user user(1000(eff:user(1000))) 1of2 attempting to resolve (requested)hostname:\r\n127.0.0.1\r\nglibc64:../sysdeps/posix/getaddrinfo.c:2201/getaddrinfo: integrations-a283a729118a796d[1012951](full:'/home/user/build/2nonpkgs/rust.stuff/tikv/target/debug/deps/integrations-a283a729118a796d') for user user(1000(eff:user(1000))) 2of2 successfully resolved requested hostname('127.0.0.1') which was not transformed('127.0.0.1') as follows:\r\n127.0.0.1 127.0.0.1\r\nglibc64:../sysdeps/posix/getaddrinfo.c:2201/getaddrinfo: integrations-a283a729118a796d[1012951](full:'/home/user/build/2nonpkgs/rust.stuff/tikv/target/debug/deps/integrations-a283a729118a796d') for user user(1000(eff:user(1000))) 1of2 attempting to resolve (requested)hostname:\r\n127.0.0.1\r\nglibc64:../sysdeps/posix/getaddrinfo.c:2201/getaddrinfo: integrations-a283a729118a796d[1012951](full:'/home/user/build/2nonpkgs/rust.stuff/tikv/target/debug/deps/integrations-a283a729118a796d') for user user(1000(eff:user(1000))) 2of2 successfully resolved requested hostname('127.0.0.1') which was not transformed('127.0.0.1') as follows:\r\n127.0.0.1 127.0.0.1\r\nglibc64:../sysdeps/posix/getaddrinfo.c:2201/getaddrinfo: integrations-a283a729118a796d[1012951](full:'/home/user/build/2nonpkgs/rust.stuff/tikv/target/debug/deps/integrations-a283a729118a796d') for user user(1000(eff:user(1000))) 1of2 attempting to resolve (requested)hostname:\r\n127.0.0.1\r\nglibc64:../sysdeps/posix/getaddrinfo.c:2201/getaddrinfo: integrations-a283a729118a796d[1012951](full:'/home/user/build/2nonpkgs/rust.stuff/tikv/target/debug/deps/integrations-a283a729118a796d') for user user(1000(eff:user(1000))) 2of2 successfully resolved requested hostname('127.0.0.1') which was not transformed('127.0.0.1') as follows:\r\n127.0.0.1 127.0.0.1\r\nglibc64:../sysdeps/posix/getaddrinfo.c:2201/getaddrinfo: integrations-a283a729118a796d[1012951](full:'/home/user/build/2nonpkgs/rust.stuff/tikv/target/debug/deps/integrations-a283a729118a796d') for user user(1000(eff:user(1000))) 1of2 attempting to resolve (requested)hostname:\r\n127.0.0.1\r\nglibc64:../sysdeps/posix/getaddrinfo.c:2201/getaddrinfo: integrations-a283a729118a796d[1012951](full:'/home/user/build/2nonpkgs/rust.stuff/tikv/target/debug/deps/integrations-a283a729118a796d') for user user(1000(eff:user(1000))) 2of2 successfully resolved requested hostname('127.0.0.1') which was not transformed('127.0.0.1') as follows:\r\n127.0.0.1 127.0.0.1\r\nglibc64:../sysdeps/posix/getaddrinfo.c:2201/getaddrinfo: integrations-a283a729118a796d[1012951](full:'/home/user/build/2nonpkgs/rust.stuff/tikv/target/debug/deps/integrations-a283a729118a796d') for user user(1000(eff:user(1000))) 1of2 attempting to resolve (requested)hostname:\r\n127.0.0.1\r\nglibc64:../sysdeps/posix/getaddrinfo.c:2201/getaddrinfo: integrations-a283a729118a796d[1012951](full:'/home/user/build/2nonpkgs/rust.stuff/tikv/target/debug/deps/integrations-a283a729118a796d') for user user(1000(eff:user(1000))) 2of2 successfully resolved requested hostname('127.0.0.1') which was not transformed('127.0.0.1') as follows:\r\n127.0.0.1 127.0.0.1\r\nglibc64:../sysdeps/posix/getaddrinfo.c:2201/getaddrinfo: integrations-a283a729118a796d[1012951](full:'/home/user/build/2nonpkgs/rust.stuff/tikv/target/debug/deps/integrations-a283a729118a796d') for user user(1000(eff:user(1000))) 1of2 attempting to resolve (requested)hostname:\r\n127.0.0.1\r\nglibc64:../sysdeps/posix/getaddrinfo.c:2201/getaddrinfo: integrations-a283a729118a796d[1012951](full:'/home/user/build/2nonpkgs/rust.stuff/tikv/target/debug/deps/integrations-a283a729118a796d') for user user(1000(eff:user(1000))) 2of2 successfully resolved requested hostname('127.0.0.1') which was not transformed('127.0.0.1') as follows:\r\n127.0.0.1 127.0.0.1\r\nglibc64:../sysdeps/posix/getaddrinfo.c:2201/getaddrinfo: integrations-a283a729118a796d[1012951](full:'/home/user/build/2nonpkgs/rust.stuff/tikv/target/debug/deps/integrations-a283a729118a796d') for user user(1000(eff:user(1000))) 1of2 attempting to resolve (requested)hostname:\r\n127.0.0.1\r\nglibc64:../sysdeps/posix/getaddrinfo.c:2201/getaddrinfo: integrations-a283a729118a796d[1012951](full:'/home/user/build/2nonpkgs/rust.stuff/tikv/target/debug/deps/integrations-a283a729118a796d') for user user(1000(eff:user(1000))) 2of2 successfully resolved requested hostname('127.0.0.1') which was not transformed('127.0.0.1') as follows:\r\n127.0.0.1 127.0.0.1\r\nglibc64:../sysdeps/posix/getaddrinfo.c:2201/getaddrinfo: integrations-a283a729118a796d[1012951](full:'/home/user/build/2nonpkgs/rust.stuff/tikv/target/debug/deps/integrations-a283a729118a796d') for user user(1000(eff:user(1000))) 1of2 attempting to resolve (requested)hostname:\r\n127.0.0.1\r\nglibc64:../sysdeps/posix/getaddrinfo.c:2201/getaddrinfo: integrations-a283a729118a796d[1012951](full:'/home/user/build/2nonpkgs/rust.stuff/tikv/target/debug/deps/integrations-a283a729118a796d') for user user(1000(eff:user(1000))) 2of2 successfully resolved requested hostname('127.0.0.1') which was not transformed('127.0.0.1') as follows:\r\n127.0.0.1 127.0.0.1\r\nglibc64:../sysdeps/posix/getaddrinfo.c:2201/getaddrinfo: integrations-a283a729118a796d[1012951](full:'/home/user/build/2nonpkgs/rust.stuff/tikv/target/debug/deps/integrations-a283a729118a796d') for user user(1000(eff:user(1000))) 1of2 attempting to resolve (requested)hostname:\r\n127.0.0.1\r\nglibc64:../sysdeps/posix/getaddrinfo.c:2201/getaddrinfo: integrations-a283a729118a796d[1012951](full:'/home/user/build/2nonpkgs/rust.stuff/tikv/target/debug/deps/integrations-a283a729118a796d') for user user(1000(eff:user(1000))) 2of2 successfully resolved requested hostname('127.0.0.1') which was not transformed('127.0.0.1') as follows:\r\n127.0.0.1 127.0.0.1\r\nglibc64:../sysdeps/posix/getaddrinfo.c:2201/getaddrinfo: integrations-a283a729118a796d[1012951](full:'/home/user/build/2nonpkgs/rust.stuff/tikv/target/debug/deps/integrations-a283a729118a796d') for user user(1000(eff:user(1000))) 1of2 attempting to resolve (requested)hostname:\r\n127.0.0.1\r\nglibc64:../sysdeps/posix/getaddrinfo.c:2201/getaddrinfo: integrations-a283a729118a796d[1012951](full:'/home/user/build/2nonpkgs/rust.stuff/tikv/target/debug/deps/integrations-a283a729118a796d') for user user(1000(eff:user(1000))) 2of2 successfully resolved requested hostname('127.0.0.1') which was not transformed('127.0.0.1') as follows:\r\n127.0.0.1 127.0.0.1\r\nglibc64:../sysdeps/posix/getaddrinfo.c:2201/getaddrinfo: integrations-a283a729118a796d[1012951](full:'/home/user/build/2nonpkgs/rust.stuff/tikv/target/debug/deps/integrations-a283a729118a796d') for user user(1000(eff:user(1000))) 1of2 attempting to resolve (requested)hostname:\r\n127.0.0.1\r\nglibc64:../sysdeps/posix/getaddrinfo.c:2201/getaddrinfo: integrations-a283a729118a796d[1012951](full:'/home/user/build/2nonpkgs/rust.stuff/tikv/target/debug/deps/integrations-a283a729118a796d') for user user(1000(eff:user(1000))) 2of2 successfully resolved requested hostname('127.0.0.1') which was not transformed('127.0.0.1') as follows:\r\n127.0.0.1 127.0.0.1\r\nglibc64:../sysdeps/posix/getaddrinfo.c:2201/getaddrinfo: integrations-a283a729118a796d[1012951](full:'/home/user/build/2nonpkgs/rust.stuff/tikv/target/debug/deps/integrations-a283a729118a796d') for user user(1000(eff:user(1000))) 1of2 attempting to resolve (requested)hostname:\r\n127.0.0.1\r\nglibc64:../sysdeps/posix/getaddrinfo.c:2201/getaddrinfo: integrations-a283a729118a796d[1012951](full:'/home/user/build/2nonpkgs/rust.stuff/tikv/target/debug/deps/integrations-a283a729118a796d') for user user(1000(eff:user(1000))) 2of2 successfully resolved requested hostname('127.0.0.1') which was not transformed('127.0.0.1') as follows:\r\n127.0.0.1 127.0.0.1\r\nglibc64:../sysdeps/posix/getaddrinfo.c:2201/getaddrinfo: integrations-a283a729118a796d[1012951](full:'/home/user/build/2nonpkgs/rust.stuff/tikv/target/debug/deps/integrations-a283a729118a796d') for user user(1000(eff:user(1000))) 1of2 attempting to resolve (requested)hostname:\r\n127.0.0.1\r\nglibc64:../sysdeps/posix/getaddrinfo.c:2201/getaddrinfo: integrations-a283a729118a796d[1012951](full:'/home/user/build/2nonpkgs/rust.stuff/tikv/target/debug/deps/integrations-a283a729118a796d') for user user(1000(eff:user(1000))) 2of2 successfully resolved requested hostname('127.0.0.1') which was not transformed('127.0.0.1') as follows:\r\n127.0.0.1 127.0.0.1\r\nglibc64:../sysdeps/posix/getaddrinfo.c:2201/getaddrinfo: integrations-a283a729118a796d[1012951](full:'/home/user/build/2nonpkgs/rust.stuff/tikv/target/debug/deps/integrations-a283a729118a796d') for user user(1000(eff:user(1000))) 1of2 attempting to resolve (requested)hostname:\r\n127.0.0.1\r\nglibc64:../sysdeps/posix/getaddrinfo.c:2201/getaddrinfo: integrations-a283a729118a796d[1012951](full:'/home/user/build/2nonpkgs/rust.stuff/tikv/target/debug/deps/integrations-a283a729118a796d') for user user(1000(eff:user(1000))) 2of2 successfully resolved requested hostname('127.0.0.1') which was not transformed('127.0.0.1') as follows:\r\n127.0.0.1 127.0.0.1\r\nglibc64:../sysdeps/posix/getaddrinfo.c:2201/getaddrinfo: integrations-a283a729118a796d[1012951](full:'/home/user/build/2nonpkgs/rust.stuff/tikv/target/debug/deps/integrations-a283a729118a796d') for user user(1000(eff:user(1000))) 1of2 attempting to resolve (requested)hostname:\r\n127.0.0.1\r\nglibc64:../sysdeps/posix/getaddrinfo.c:2201/getaddrinfo: integrations-a283a729118a796d[1012951](full:'/home/user/build/2nonpkgs/rust.stuff/tikv/target/debug/deps/integrations-a283a729118a796d') for user user(1000(eff:user(1000))) 2of2 successfully resolved requested hostname('127.0.0.1') which was not transformed('127.0.0.1') as follows:\r\n127.0.0.1 127.0.0.1\r\nglibc64:../sysdeps/posix/getaddrinfo.c:2201/getaddrinfo: integrations-a283a729118a796d[1012951](full:'/home/user/build/2nonpkgs/rust.stuff/tikv/target/debug/deps/integrations-a283a729118a796d') for user user(1000(eff:user(1000))) 1of2 attempting to resolve (requested)hostname:\r\n127.0.0.1\r\nglibc64:../sysdeps/posix/getaddrinfo.c:2201/getaddrinfo: integrations-a283a729118a796d[1012951](full:'/home/user/build/2nonpkgs/rust.stuff/tikv/target/debug/deps/integrations-a283a729118a796d') for user user(1000(eff:user(1000))) 2of2 successfully resolved requested hostname('127.0.0.1') which was not transformed('127.0.0.1') as follows:\r\n127.0.0.1 127.0.0.1\r\nok\r\n...\r\ntest storage::test_storage::test_txn_store_write_conflict ... ok\r\n\r\nfailures:\r\n\r\nfailures:\r\n    raftstore::test_conf_change::test_server_split_brain\r\n\r\ntest result: FAILED. 288 passed; 1 failed; 0 ignored; 0 measured; 0 filtered out\r\n\r\nerror: test failed, to rerun pass '-p tikv --test integrations'\r\nmake: *** [Makefile:180: test] Error 101\r\n\r\nreal\t27m34.565s\r\nuser\t30m35.646s\r\nsys\t4m26.970s\r\n\r\n```\r\n\r\n</details>\r\n\r\nApparently, It doesn't fail when ran alone:\r\n\r\n<details>\r\n\r\n```\r\n$ time RUSTFLAGS=-Cdebuginfo=2 cargo test --no-default-features --features \"jemalloc portable sse\"  --all raftstore::test_conf_change::test_server_split_brain -- --nocapture\r\n!! master-installed (default)\r\n!! Executing '/home/user/build/2nonpkgs/rust.stuff/cargo/cargo//target/release//cargo' in pwd='/home/user/build/2nonpkgs/rust.stuff/tikv' with args(8): 'test --no-default-features --features jemalloc portable sse --all raftstore::test_conf_change::test_server_split_brain -- --nocapture'\r\n    Finished dev [unoptimized + debuginfo] target(s) in 0.53s\r\n     Running target/debug/deps/backup-3d77748bf0893451\r\n\r\nrunning 0 tests\r\n\r\ntest result: ok. 0 passed; 0 failed; 0 ignored; 0 measured; 7 filtered out\r\n\r\n     Running target/debug/deps/cmd-cd47d90dd2d92671\r\n\r\nrunning 0 tests\r\n\r\ntest result: ok. 0 passed; 0 failed; 0 ignored; 0 measured; 0 filtered out\r\n\r\n     Running target/debug/deps/tikv_ctl-e281e4fc291c1abf\r\n\r\nrunning 0 tests\r\n\r\ntest result: ok. 0 passed; 0 failed; 0 ignored; 0 measured; 2 filtered out\r\n\r\n     Running target/debug/deps/tikv_server-be2c63cda78fb5be\r\n\r\nrunning 0 tests\r\n\r\ntest result: ok. 0 passed; 0 failed; 0 ignored; 0 measured; 0 filtered out\r\n\r\n     Running target/debug/deps/codec-044d8c0f849c42ff\r\n\r\nrunning 0 tests\r\n\r\ntest result: ok. 0 passed; 0 failed; 0 ignored; 0 measured; 82 filtered out\r\n\r\n     Running target/debug/deps/engine-74a3f402fb75a157\r\n\r\nrunning 0 tests\r\n\r\ntest result: ok. 0 passed; 0 failed; 0 ignored; 0 measured; 25 filtered out\r\n\r\n     Running target/debug/deps/external_storage-4988e07a9142350b\r\n\r\nrunning 0 tests\r\n\r\ntest result: ok. 0 passed; 0 failed; 0 ignored; 0 measured; 3 filtered out\r\n\r\n     Running target/debug/deps/fuzz-f3dff793f29c1988\r\n\r\nrunning 0 tests\r\n\r\ntest result: ok. 0 passed; 0 failed; 0 ignored; 0 measured; 0 filtered out\r\n\r\n     Running target/debug/deps/fuzz_targets-e1b24d370909a745\r\n\r\nrunning 0 tests\r\n\r\ntest result: ok. 0 passed; 0 failed; 0 ignored; 0 measured; 0 filtered out\r\n\r\n     Running target/debug/deps/fuzzer_afl-86ef046e621fda5c\r\n\r\nrunning 0 tests\r\n\r\ntest result: ok. 0 passed; 0 failed; 0 ignored; 0 measured; 0 filtered out\r\n\r\n     Running target/debug/deps/fuzzer_honggfuzz-5e5cd434dd44c0b1\r\n\r\nrunning 0 tests\r\n\r\ntest result: ok. 0 passed; 0 failed; 0 ignored; 0 measured; 0 filtered out\r\n\r\n     Running target/debug/deps/fuzzer_libfuzzer-0a320d96cf63c736\r\n\r\nrunning 0 tests\r\n\r\ntest result: ok. 0 passed; 0 failed; 0 ignored; 0 measured; 0 filtered out\r\n\r\n     Running target/debug/deps/keys-827caf0ee685ffee\r\n\r\nrunning 0 tests\r\n\r\ntest result: ok. 0 passed; 0 failed; 0 ignored; 0 measured; 7 filtered out\r\n\r\n     Running target/debug/deps/log_wrappers-27fd1652dd182864\r\n\r\nrunning 0 tests\r\n\r\ntest result: ok. 0 passed; 0 failed; 0 ignored; 0 measured; 2 filtered out\r\n\r\n     Running target/debug/deps/match_template-973ec91222b82bee\r\n\r\nrunning 0 tests\r\n\r\ntest result: ok. 0 passed; 0 failed; 0 ignored; 0 measured; 2 filtered out\r\n\r\n     Running target/debug/deps/panic_hook-445b56961b21beaa\r\n\r\nrunning 0 tests\r\n\r\ntest result: ok. 0 passed; 0 failed; 0 ignored; 0 measured; 0 filtered out\r\n\r\n     Running target/debug/deps/pd_client-e2e754210a98801c\r\n\r\nrunning 0 tests\r\n\r\ntest result: ok. 0 passed; 0 failed; 0 ignored; 0 measured; 1 filtered out\r\n\r\n     Running target/debug/deps/profiler-aa4b6882167b555d\r\n\r\nrunning 0 tests\r\n\r\ntest result: ok. 0 passed; 0 failed; 0 ignored; 0 measured; 0 filtered out\r\n\r\n     Running target/debug/deps/sst_importer-c279486799555bed\r\n\r\nrunning 0 tests\r\n\r\ntest result: ok. 0 passed; 0 failed; 0 ignored; 0 measured; 4 filtered out\r\n\r\n     Running target/debug/deps/test_coprocessor-cebbe16622e369b9\r\n\r\nrunning 0 tests\r\n\r\ntest result: ok. 0 passed; 0 failed; 0 ignored; 0 measured; 1 filtered out\r\n\r\n     Running target/debug/deps/test_raftstore-85e5f31375589c5f\r\n\r\nrunning 0 tests\r\n\r\ntest result: ok. 0 passed; 0 failed; 0 ignored; 0 measured; 0 filtered out\r\n\r\n     Running target/debug/deps/test_storage-aba225bd4fcdc0b7\r\n\r\nrunning 0 tests\r\n\r\ntest result: ok. 0 passed; 0 failed; 0 ignored; 0 measured; 0 filtered out\r\n\r\n     Running target/debug/deps/test_util-2820b084c43f6ca3\r\n\r\nrunning 0 tests\r\n\r\ntest result: ok. 0 passed; 0 failed; 0 ignored; 0 measured; 1 filtered out\r\n\r\n     Running target/debug/deps/tidb_query-da60cd5a9b0811bf\r\n\r\nrunning 0 tests\r\n\r\ntest result: ok. 0 passed; 0 failed; 0 ignored; 0 measured; 508 filtered out\r\n\r\n     Running target/debug/deps/tidb_query_codegen-635361f42feeabab\r\n\r\nrunning 0 tests\r\n\r\ntest result: ok. 0 passed; 0 failed; 0 ignored; 0 measured; 11 filtered out\r\n\r\n     Running target/debug/deps/tidb_query_datatype-19262fb96d973530\r\n\r\nrunning 0 tests\r\n\r\ntest result: ok. 0 passed; 0 failed; 0 ignored; 0 measured; 0 filtered out\r\n\r\n     Running target/debug/deps/tikv-0d464be78c7cb863\r\n\r\nrunning 0 tests\r\n\r\ntest result: ok. 0 passed; 0 failed; 0 ignored; 0 measured; 285 filtered out\r\n\r\n     Running target/debug/deps/integrations-a283a729118a796d\r\n\r\nrunning 1 test\r\nglibc64:../sysdeps/posix/getaddrinfo.c:2201/getaddrinfo: integrations-a283a729118a796d[1164929](full:'/home/user/build/2nonpkgs/rust.stuff/tikv/target/debug/deps/integrations-a283a729118a796d') for user user(1000(eff:user(1000))) 1of2 attempting to resolve (requested)hostname:\r\n127.0.0.1\r\nglibc64:../sysdeps/posix/getaddrinfo.c:2201/getaddrinfo: integrations-a283a729118a796d[1164929](full:'/home/user/build/2nonpkgs/rust.stuff/tikv/target/debug/deps/integrations-a283a729118a796d') for user user(1000(eff:user(1000))) 2of2 successfully resolved requested hostname('127.0.0.1') which was not transformed('127.0.0.1') as follows:\r\n127.0.0.1 127.0.0.1\r\nglibc64:../sysdeps/posix/getaddrinfo.c:2201/getaddrinfo: integrations-a283a729118a796d[1164929](full:'/home/user/build/2nonpkgs/rust.stuff/tikv/target/debug/deps/integrations-a283a729118a796d') for user user(1000(eff:user(1000))) 1of2 attempting to resolve (requested)hostname:\r\n127.0.0.1\r\nglibc64:../sysdeps/posix/getaddrinfo.c:2201/getaddrinfo: integrations-a283a729118a796d[1164929](full:'/home/user/build/2nonpkgs/rust.stuff/tikv/target/debug/deps/integrations-a283a729118a796d') for user user(1000(eff:user(1000))) 2of2 successfully resolved requested hostname('127.0.0.1') which was not transformed('127.0.0.1') as follows:\r\n127.0.0.1 127.0.0.1\r\nglibc64:../sysdeps/posix/getaddrinfo.c:2201/getaddrinfo: integrations-a283a729118a796d[1164929](full:'/home/user/build/2nonpkgs/rust.stuff/tikv/target/debug/deps/integrations-a283a729118a796d') for user user(1000(eff:user(1000))) 1of2 attempting to resolve (requested)hostname:\r\n127.0.0.1\r\nglibc64:../sysdeps/posix/getaddrinfo.c:2201/getaddrinfo: integrations-a283a729118a796d[1164929](full:'/home/user/build/2nonpkgs/rust.stuff/tikv/target/debug/deps/integrations-a283a729118a796d') for user user(1000(eff:user(1000))) 2of2 successfully resolved requested hostname('127.0.0.1') which was not transformed('127.0.0.1') as follows:\r\n127.0.0.1 127.0.0.1\r\nglibc64:../sysdeps/posix/getaddrinfo.c:2201/getaddrinfo: integrations-a283a729118a796d[1164929](full:'/home/user/build/2nonpkgs/rust.stuff/tikv/target/debug/deps/integrations-a283a729118a796d') for user user(1000(eff:user(1000))) 1of2 attempting to resolve (requested)hostname:\r\n127.0.0.1\r\nglibc64:../sysdeps/posix/getaddrinfo.c:2201/getaddrinfo: integrations-a283a729118a796d[1164929](full:'/home/user/build/2nonpkgs/rust.stuff/tikv/target/debug/deps/integrations-a283a729118a796d') for user user(1000(eff:user(1000))) 2of2 successfully resolved requested hostname('127.0.0.1') which was not transformed('127.0.0.1') as follows:\r\n127.0.0.1 127.0.0.1\r\nglibc64:../sysdeps/posix/getaddrinfo.c:2201/getaddrinfo: integrations-a283a729118a796d[1164929](full:'/home/user/build/2nonpkgs/rust.stuff/tikv/target/debug/deps/integrations-a283a729118a796d') for user user(1000(eff:user(1000))) 1of2 attempting to resolve (requested)hostname:\r\n127.0.0.1\r\nglibc64:../sysdeps/posix/getaddrinfo.c:2201/getaddrinfo: integrations-a283a729118a796d[1164929](full:'/home/user/build/2nonpkgs/rust.stuff/tikv/target/debug/deps/integrations-a283a729118a796d') for user user(1000(eff:user(1000))) 2of2 successfully resolved requested hostname('127.0.0.1') which was not transformed('127.0.0.1') as follows:\r\n127.0.0.1 127.0.0.1\r\nglibc64:../sysdeps/posix/getaddrinfo.c:2201/getaddrinfo: integrations-a283a729118a796d[1164929](full:'/home/user/build/2nonpkgs/rust.stuff/tikv/target/debug/deps/integrations-a283a729118a796d') for user user(1000(eff:user(1000))) 1of2 attempting to resolve (requested)hostname:\r\n127.0.0.1\r\nglibc64:../sysdeps/posix/getaddrinfo.c:2201/getaddrinfo: integrations-a283a729118a796d[1164929](full:'/home/user/build/2nonpkgs/rust.stuff/tikv/target/debug/deps/integrations-a283a729118a796d') for user user(1000(eff:user(1000))) 2of2 successfully resolved requested hostname('127.0.0.1') which was not transformed('127.0.0.1') as follows:\r\n127.0.0.1 127.0.0.1\r\nglibc64:../sysdeps/posix/getaddrinfo.c:2201/getaddrinfo: integrations-a283a729118a796d[1164929](full:'/home/user/build/2nonpkgs/rust.stuff/tikv/target/debug/deps/integrations-a283a729118a796d') for user user(1000(eff:user(1000))) 1of2 attempting to resolve (requested)hostname:\r\n127.0.0.1\r\nglibc64:../sysdeps/posix/getaddrinfo.c:2201/getaddrinfo: integrations-a283a729118a796d[1164929](full:'/home/user/build/2nonpkgs/rust.stuff/tikv/target/debug/deps/integrations-a283a729118a796d') for user user(1000(eff:user(1000))) 2of2 successfully resolved requested hostname('127.0.0.1') which was not transformed('127.0.0.1') as follows:\r\n127.0.0.1 127.0.0.1\r\nglibc64:../sysdeps/posix/getaddrinfo.c:2201/getaddrinfo: integrations-a283a729118a796d[1164929](full:'/home/user/build/2nonpkgs/rust.stuff/tikv/target/debug/deps/integrations-a283a729118a796d') for user user(1000(eff:user(1000))) 1of2 attempting to resolve (requested)hostname:\r\n127.0.0.1\r\nglibc64:../sysdeps/posix/getaddrinfo.c:2201/getaddrinfo: integrations-a283a729118a796d[1164929](full:'/home/user/build/2nonpkgs/rust.stuff/tikv/target/debug/deps/integrations-a283a729118a796d') for user user(1000(eff:user(1000))) 2of2 successfully resolved requested hostname('127.0.0.1') which was not transformed('127.0.0.1') as follows:\r\n127.0.0.1 127.0.0.1\r\nglibc64:../sysdeps/posix/getaddrinfo.c:2201/getaddrinfo: integrations-a283a729118a796d[1164929](full:'/home/user/build/2nonpkgs/rust.stuff/tikv/target/debug/deps/integrations-a283a729118a796d') for user user(1000(eff:user(1000))) 1of2 attempting to resolve (requested)hostname:\r\n127.0.0.1\r\nglibc64:../sysdeps/posix/getaddrinfo.c:2201/getaddrinfo: integrations-a283a729118a796d[1164929](full:'/home/user/build/2nonpkgs/rust.stuff/tikv/target/debug/deps/integrations-a283a729118a796d') for user user(1000(eff:user(1000))) 2of2 successfully resolved requested hostname('127.0.0.1') which was not transformed('127.0.0.1') as follows:\r\n127.0.0.1 127.0.0.1\r\nglibc64:../sysdeps/posix/getaddrinfo.c:2201/getaddrinfo: integrations-a283a729118a796d[1164929](full:'/home/user/build/2nonpkgs/rust.stuff/tikv/target/debug/deps/integrations-a283a729118a796d') for user user(1000(eff:user(1000))) 1of2 attempting to resolve (requested)hostname:\r\n127.0.0.1\r\nglibc64:../sysdeps/posix/getaddrinfo.c:2201/getaddrinfo: integrations-a283a729118a796d[1164929](full:'/home/user/build/2nonpkgs/rust.stuff/tikv/target/debug/deps/integrations-a283a729118a796d') for user user(1000(eff:user(1000))) 2of2 successfully resolved requested hostname('127.0.0.1') which was not transformed('127.0.0.1') as follows:\r\n127.0.0.1 127.0.0.1\r\nglibc64:../sysdeps/posix/getaddrinfo.c:2201/getaddrinfo: integrations-a283a729118a796d[1164929](full:'/home/user/build/2nonpkgs/rust.stuff/tikv/target/debug/deps/integrations-a283a729118a796d') for user user(1000(eff:user(1000))) 1of2 attempting to resolve (requested)hostname:\r\n127.0.0.1\r\nglibc64:../sysdeps/posix/getaddrinfo.c:2201/getaddrinfo: integrations-a283a729118a796d[1164929](full:'/home/user/build/2nonpkgs/rust.stuff/tikv/target/debug/deps/integrations-a283a729118a796d') for user user(1000(eff:user(1000))) 2of2 successfully resolved requested hostname('127.0.0.1') which was not transformed('127.0.0.1') as follows:\r\n127.0.0.1 127.0.0.1\r\nglibc64:../sysdeps/posix/getaddrinfo.c:2201/getaddrinfo: integrations-a283a729118a796d[1164929](full:'/home/user/build/2nonpkgs/rust.stuff/tikv/target/debug/deps/integrations-a283a729118a796d') for user user(1000(eff:user(1000))) 1of2 attempting to resolve (requested)hostname:\r\n127.0.0.1\r\nglibc64:../sysdeps/posix/getaddrinfo.c:2201/getaddrinfo: integrations-a283a729118a796d[1164929](full:'/home/user/build/2nonpkgs/rust.stuff/tikv/target/debug/deps/integrations-a283a729118a796d') for user user(1000(eff:user(1000))) 2of2 successfully resolved requested hostname('127.0.0.1') which was not transformed('127.0.0.1') as follows:\r\n127.0.0.1 127.0.0.1\r\nglibc64:../sysdeps/posix/getaddrinfo.c:2201/getaddrinfo: integrations-a283a729118a796d[1164929](full:'/home/user/build/2nonpkgs/rust.stuff/tikv/target/debug/deps/integrations-a283a729118a796d') for user user(1000(eff:user(1000))) 1of2 attempting to resolve (requested)hostname:\r\n127.0.0.1\r\nglibc64:../sysdeps/posix/getaddrinfo.c:2201/getaddrinfo: integrations-a283a729118a796d[1164929](full:'/home/user/build/2nonpkgs/rust.stuff/tikv/target/debug/deps/integrations-a283a729118a796d') for user user(1000(eff:user(1000))) 2of2 successfully resolved requested hostname('127.0.0.1') which was not transformed('127.0.0.1') as follows:\r\n127.0.0.1 127.0.0.1\r\nglibc64:../sysdeps/posix/getaddrinfo.c:2201/getaddrinfo: integrations-a283a729118a796d[1164929](full:'/home/user/build/2nonpkgs/rust.stuff/tikv/target/debug/deps/integrations-a283a729118a796d') for user user(1000(eff:user(1000))) 1of2 attempting to resolve (requested)hostname:\r\n127.0.0.1\r\nglibc64:../sysdeps/posix/getaddrinfo.c:2201/getaddrinfo: integrations-a283a729118a796d[1164929](full:'/home/user/build/2nonpkgs/rust.stuff/tikv/target/debug/deps/integrations-a283a729118a796d') for user user(1000(eff:user(1000))) 2of2 successfully resolved requested hostname('127.0.0.1') which was not transformed('127.0.0.1') as follows:\r\n127.0.0.1 127.0.0.1\r\nglibc64:../sysdeps/posix/getaddrinfo.c:2201/getaddrinfo: integrations-a283a729118a796d[1164929](full:'/home/user/build/2nonpkgs/rust.stuff/tikv/target/debug/deps/integrations-a283a729118a796d') for user user(1000(eff:user(1000))) 1of2 attempting to resolve (requested)hostname:\r\n127.0.0.1\r\nglibc64:../sysdeps/posix/getaddrinfo.c:2201/getaddrinfo: integrations-a283a729118a796d[1164929](full:'/home/user/build/2nonpkgs/rust.stuff/tikv/target/debug/deps/integrations-a283a729118a796d') for user user(1000(eff:user(1000))) 2of2 successfully resolved requested hostname('127.0.0.1') which was not transformed('127.0.0.1') as follows:\r\n127.0.0.1 127.0.0.1\r\nglibc64:../sysdeps/posix/getaddrinfo.c:2201/getaddrinfo: integrations-a283a729118a796d[1164929](full:'/home/user/build/2nonpkgs/rust.stuff/tikv/target/debug/deps/integrations-a283a729118a796d') for user user(1000(eff:user(1000))) 1of2 attempting to resolve (requested)hostname:\r\n127.0.0.1\r\nglibc64:../sysdeps/posix/getaddrinfo.c:2201/getaddrinfo: integrations-a283a729118a796d[1164929](full:'/home/user/build/2nonpkgs/rust.stuff/tikv/target/debug/deps/integrations-a283a729118a796d') for user user(1000(eff:user(1000))) 2of2 successfully resolved requested hostname('127.0.0.1') which was not transformed('127.0.0.1') as follows:\r\n127.0.0.1 127.0.0.1\r\nglibc64:../sysdeps/posix/getaddrinfo.c:2201/getaddrinfo: integrations-a283a729118a796d[1164929](full:'/home/user/build/2nonpkgs/rust.stuff/tikv/target/debug/deps/integrations-a283a729118a796d') for user user(1000(eff:user(1000))) 1of2 attempting to resolve (requested)hostname:\r\n127.0.0.1\r\nglibc64:../sysdeps/posix/getaddrinfo.c:2201/getaddrinfo: integrations-a283a729118a796d[1164929](full:'/home/user/build/2nonpkgs/rust.stuff/tikv/target/debug/deps/integrations-a283a729118a796d') for user user(1000(eff:user(1000))) 2of2 successfully resolved requested hostname('127.0.0.1') which was not transformed('127.0.0.1') as follows:\r\n127.0.0.1 127.0.0.1\r\nglibc64:../sysdeps/posix/getaddrinfo.c:2201/getaddrinfo: integrations-a283a729118a796d[1164929](full:'/home/user/build/2nonpkgs/rust.stuff/tikv/target/debug/deps/integrations-a283a729118a796d') for user user(1000(eff:user(1000))) 1of2 attempting to resolve (requested)hostname:\r\n127.0.0.1\r\nglibc64:../sysdeps/posix/getaddrinfo.c:2201/getaddrinfo: integrations-a283a729118a796d[1164929](full:'/home/user/build/2nonpkgs/rust.stuff/tikv/target/debug/deps/integrations-a283a729118a796d') for user user(1000(eff:user(1000))) 2of2 successfully resolved requested hostname('127.0.0.1') which was not transformed('127.0.0.1') as follows:\r\n127.0.0.1 127.0.0.1\r\nglibc64:../sysdeps/posix/getaddrinfo.c:2201/getaddrinfo: integrations-a283a729118a796d[1164929](full:'/home/user/build/2nonpkgs/rust.stuff/tikv/target/debug/deps/integrations-a283a729118a796d') for user user(1000(eff:user(1000))) 1of2 attempting to resolve (requested)hostname:\r\n127.0.0.1\r\nglibc64:../sysdeps/posix/getaddrinfo.c:2201/getaddrinfo: integrations-a283a729118a796d[1164929](full:'/home/user/build/2nonpkgs/rust.stuff/tikv/target/debug/deps/integrations-a283a729118a796d') for user user(1000(eff:user(1000))) 2of2 successfully resolved requested hostname('127.0.0.1') which was not transformed('127.0.0.1') as follows:\r\n127.0.0.1 127.0.0.1\r\nglibc64:../sysdeps/posix/getaddrinfo.c:2201/getaddrinfo: integrations-a283a729118a796d[1164929](full:'/home/user/build/2nonpkgs/rust.stuff/tikv/target/debug/deps/integrations-a283a729118a796d') for user user(1000(eff:user(1000))) 1of2 attempting to resolve (requested)hostname:\r\n127.0.0.1\r\nglibc64:../sysdeps/posix/getaddrinfo.c:2201/getaddrinfo: integrations-a283a729118a796d[1164929](full:'/home/user/build/2nonpkgs/rust.stuff/tikv/target/debug/deps/integrations-a283a729118a796d') for user user(1000(eff:user(1000))) 2of2 successfully resolved requested hostname('127.0.0.1') which was not transformed('127.0.0.1') as follows:\r\n127.0.0.1 127.0.0.1\r\nglibc64:../sysdeps/posix/getaddrinfo.c:2201/getaddrinfo: integrations-a283a729118a796d[1164929](full:'/home/user/build/2nonpkgs/rust.stuff/tikv/target/debug/deps/integrations-a283a729118a796d') for user user(1000(eff:user(1000))) 1of2 attempting to resolve (requested)hostname:\r\n127.0.0.1\r\nglibc64:../sysdeps/posix/getaddrinfo.c:2201/getaddrinfo: integrations-a283a729118a796d[1164929](full:'/home/user/build/2nonpkgs/rust.stuff/tikv/target/debug/deps/integrations-a283a729118a796d') for user user(1000(eff:user(1000))) 2of2 successfully resolved requested hostname('127.0.0.1') which was not transformed('127.0.0.1') as follows:\r\n127.0.0.1 127.0.0.1\r\nglibc64:../sysdeps/posix/getaddrinfo.c:2201/getaddrinfo: integrations-a283a729118a796d[1164929](full:'/home/user/build/2nonpkgs/rust.stuff/tikv/target/debug/deps/integrations-a283a729118a796d') for user user(1000(eff:user(1000))) 1of2 attempting to resolve (requested)hostname:\r\n127.0.0.1\r\nglibc64:../sysdeps/posix/getaddrinfo.c:2201/getaddrinfo: integrations-a283a729118a796d[1164929](full:'/home/user/build/2nonpkgs/rust.stuff/tikv/target/debug/deps/integrations-a283a729118a796d') for user user(1000(eff:user(1000))) 2of2 successfully resolved requested hostname('127.0.0.1') which was not transformed('127.0.0.1') as follows:\r\n127.0.0.1 127.0.0.1\r\nglibc64:../sysdeps/posix/getaddrinfo.c:2201/getaddrinfo: integrations-a283a729118a796d[1164929](full:'/home/user/build/2nonpkgs/rust.stuff/tikv/target/debug/deps/integrations-a283a729118a796d') for user user(1000(eff:user(1000))) 1of2 attempting to resolve (requested)hostname:\r\n127.0.0.1\r\nglibc64:../sysdeps/posix/getaddrinfo.c:2201/getaddrinfo: integrations-a283a729118a796d[1164929](full:'/home/user/build/2nonpkgs/rust.stuff/tikv/target/debug/deps/integrations-a283a729118a796d') for user user(1000(eff:user(1000))) 2of2 successfully resolved requested hostname('127.0.0.1') which was not transformed('127.0.0.1') as follows:\r\n127.0.0.1 127.0.0.1\r\nglibc64:../sysdeps/posix/getaddrinfo.c:2201/getaddrinfo: integrations-a283a729118a796d[1164929](full:'/home/user/build/2nonpkgs/rust.stuff/tikv/target/debug/deps/integrations-a283a729118a796d') for user user(1000(eff:user(1000))) 1of2 attempting to resolve (requested)hostname:\r\n127.0.0.1\r\nglibc64:../sysdeps/posix/getaddrinfo.c:2201/getaddrinfo: integrations-a283a729118a796d[1164929](full:'/home/user/build/2nonpkgs/rust.stuff/tikv/target/debug/deps/integrations-a283a729118a796d') for user user(1000(eff:user(1000))) 2of2 successfully resolved requested hostname('127.0.0.1') which was not transformed('127.0.0.1') as follows:\r\n127.0.0.1 127.0.0.1\r\nglibc64:../sysdeps/posix/getaddrinfo.c:2201/getaddrinfo: integrations-a283a729118a796d[1164929](full:'/home/user/build/2nonpkgs/rust.stuff/tikv/target/debug/deps/integrations-a283a729118a796d') for user user(1000(eff:user(1000))) 1of2 attempting to resolve (requested)hostname:\r\n127.0.0.1\r\nglibc64:../sysdeps/posix/getaddrinfo.c:2201/getaddrinfo: integrations-a283a729118a796d[1164929](full:'/home/user/build/2nonpkgs/rust.stuff/tikv/target/debug/deps/integrations-a283a729118a796d') for user user(1000(eff:user(1000))) 2of2 successfully resolved requested hostname('127.0.0.1') which was not transformed('127.0.0.1') as follows:\r\n127.0.0.1 127.0.0.1\r\nglibc64:../sysdeps/posix/getaddrinfo.c:2201/getaddrinfo: integrations-a283a729118a796d[1164929](full:'/home/user/build/2nonpkgs/rust.stuff/tikv/target/debug/deps/integrations-a283a729118a796d') for user user(1000(eff:user(1000))) 1of2 attempting to resolve (requested)hostname:\r\n127.0.0.1\r\nglibc64:../sysdeps/posix/getaddrinfo.c:2201/getaddrinfo: integrations-a283a729118a796d[1164929](full:'/home/user/build/2nonpkgs/rust.stuff/tikv/target/debug/deps/integrations-a283a729118a796d') for user user(1000(eff:user(1000))) 2of2 successfully resolved requested hostname('127.0.0.1') which was not transformed('127.0.0.1') as follows:\r\n127.0.0.1 127.0.0.1\r\nglibc64:../sysdeps/posix/getaddrinfo.c:2201/getaddrinfo: integrations-a283a729118a796d[1164929](full:'/home/user/build/2nonpkgs/rust.stuff/tikv/target/debug/deps/integrations-a283a729118a796d') for user user(1000(eff:user(1000))) 1of2 attempting to resolve (requested)hostname:\r\n127.0.0.1\r\nglibc64:../sysdeps/posix/getaddrinfo.c:2201/getaddrinfo: integrations-a283a729118a796d[1164929](full:'/home/user/build/2nonpkgs/rust.stuff/tikv/target/debug/deps/integrations-a283a729118a796d') for user user(1000(eff:user(1000))) 2of2 successfully resolved requested hostname('127.0.0.1') which was not transformed('127.0.0.1') as follows:\r\n127.0.0.1 127.0.0.1\r\nglibc64:../sysdeps/posix/getaddrinfo.c:2201/getaddrinfo: integrations-a283a729118a796d[1164929](full:'/home/user/build/2nonpkgs/rust.stuff/tikv/target/debug/deps/integrations-a283a729118a796d') for user user(1000(eff:user(1000))) 1of2 attempting to resolve (requested)hostname:\r\n127.0.0.1\r\nglibc64:../sysdeps/posix/getaddrinfo.c:2201/getaddrinfo: integrations-a283a729118a796d[1164929](full:'/home/user/build/2nonpkgs/rust.stuff/tikv/target/debug/deps/integrations-a283a729118a796d') for user user(1000(eff:user(1000))) 2of2 successfully resolved requested hostname('127.0.0.1') which was not transformed('127.0.0.1') as follows:\r\n127.0.0.1 127.0.0.1\r\nglibc64:../sysdeps/posix/getaddrinfo.c:2201/getaddrinfo: integrations-a283a729118a796d[1164929](full:'/home/user/build/2nonpkgs/rust.stuff/tikv/target/debug/deps/integrations-a283a729118a796d') for user user(1000(eff:user(1000))) 1of2 attempting to resolve (requested)hostname:\r\n127.0.0.1\r\nglibc64:../sysdeps/posix/getaddrinfo.c:2201/getaddrinfo: integrations-a283a729118a796d[1164929](full:'/home/user/build/2nonpkgs/rust.stuff/tikv/target/debug/deps/integrations-a283a729118a796d') for user user(1000(eff:user(1000))) 2of2 successfully resolved requested hostname('127.0.0.1') which was not transformed('127.0.0.1') as follows:\r\n127.0.0.1 127.0.0.1\r\nglibc64:../sysdeps/posix/getaddrinfo.c:2201/getaddrinfo: integrations-a283a729118a796d[1164929](full:'/home/user/build/2nonpkgs/rust.stuff/tikv/target/debug/deps/integrations-a283a729118a796d') for user user(1000(eff:user(1000))) 1of2 attempting to resolve (requested)hostname:\r\n127.0.0.1\r\nglibc64:../sysdeps/posix/getaddrinfo.c:2201/getaddrinfo: integrations-a283a729118a796d[1164929](full:'/home/user/build/2nonpkgs/rust.stuff/tikv/target/debug/deps/integrations-a283a729118a796d') for user user(1000(eff:user(1000))) 2of2 successfully resolved requested hostname('127.0.0.1') which was not transformed('127.0.0.1') as follows:\r\n127.0.0.1 127.0.0.1\r\nglibc64:../sysdeps/posix/getaddrinfo.c:2201/getaddrinfo: integrations-a283a729118a796d[1164929](full:'/home/user/build/2nonpkgs/rust.stuff/tikv/target/debug/deps/integrations-a283a729118a796d') for user user(1000(eff:user(1000))) 1of2 attempting to resolve (requested)hostname:\r\n127.0.0.1\r\nglibc64:../sysdeps/posix/getaddrinfo.c:2201/getaddrinfo: integrations-a283a729118a796d[1164929](full:'/home/user/build/2nonpkgs/rust.stuff/tikv/target/debug/deps/integrations-a283a729118a796d') for user user(1000(eff:user(1000))) 2of2 successfully resolved requested hostname('127.0.0.1') which was not transformed('127.0.0.1') as follows:\r\n127.0.0.1 127.0.0.1\r\nglibc64:../sysdeps/posix/getaddrinfo.c:2201/getaddrinfo: integrations-a283a729118a796d[1164929](full:'/home/user/build/2nonpkgs/rust.stuff/tikv/target/debug/deps/integrations-a283a729118a796d') for user user(1000(eff:user(1000))) 1of2 attempting to resolve (requested)hostname:\r\n127.0.0.1\r\nglibc64:../sysdeps/posix/getaddrinfo.c:2201/getaddrinfo: integrations-a283a729118a796d[1164929](full:'/home/user/build/2nonpkgs/rust.stuff/tikv/target/debug/deps/integrations-a283a729118a796d') for user user(1000(eff:user(1000))) 2of2 successfully resolved requested hostname('127.0.0.1') which was not transformed('127.0.0.1') as follows:\r\n127.0.0.1 127.0.0.1\r\nglibc64:../sysdeps/posix/getaddrinfo.c:2201/getaddrinfo: integrations-a283a729118a796d[1164929](full:'/home/user/build/2nonpkgs/rust.stuff/tikv/target/debug/deps/integrations-a283a729118a796d') for user user(1000(eff:user(1000))) 1of2 attempting to resolve (requested)hostname:\r\n127.0.0.1\r\nglibc64:../sysdeps/posix/getaddrinfo.c:2201/getaddrinfo: integrations-a283a729118a796d[1164929](full:'/home/user/build/2nonpkgs/rust.stuff/tikv/target/debug/deps/integrations-a283a729118a796d') for user user(1000(eff:user(1000))) 2of2 successfully resolved requested hostname('127.0.0.1') which was not transformed('127.0.0.1') as follows:\r\n127.0.0.1 127.0.0.1\r\nglibc64:../sysdeps/posix/getaddrinfo.c:2201/getaddrinfo: integrations-a283a729118a796d[1164929](full:'/home/user/build/2nonpkgs/rust.stuff/tikv/target/debug/deps/integrations-a283a729118a796d') for user user(1000(eff:user(1000))) 1of2 attempting to resolve (requested)hostname:\r\n127.0.0.1\r\nglibc64:../sysdeps/posix/getaddrinfo.c:2201/getaddrinfo: integrations-a283a729118a796d[1164929](full:'/home/user/build/2nonpkgs/rust.stuff/tikv/target/debug/deps/integrations-a283a729118a796d') for user user(1000(eff:user(1000))) 2of2 successfully resolved requested hostname('127.0.0.1') which was not transformed('127.0.0.1') as follows:\r\n127.0.0.1 127.0.0.1\r\nglibc64:../sysdeps/posix/getaddrinfo.c:2201/getaddrinfo: integrations-a283a729118a796d[1164929](full:'/home/user/build/2nonpkgs/rust.stuff/tikv/target/debug/deps/integrations-a283a729118a796d') for user user(1000(eff:user(1000))) 1of2 attempting to resolve (requested)hostname:\r\n127.0.0.1\r\nglibc64:../sysdeps/posix/getaddrinfo.c:2201/getaddrinfo: integrations-a283a729118a796d[1164929](full:'/home/user/build/2nonpkgs/rust.stuff/tikv/target/debug/deps/integrations-a283a729118a796d') for user user(1000(eff:user(1000))) 2of2 successfully resolved requested hostname('127.0.0.1') which was not transformed('127.0.0.1') as follows:\r\n127.0.0.1 127.0.0.1\r\nglibc64:../sysdeps/posix/getaddrinfo.c:2201/getaddrinfo: integrations-a283a729118a796d[1164929](full:'/home/user/build/2nonpkgs/rust.stuff/tikv/target/debug/deps/integrations-a283a729118a796d') for user user(1000(eff:user(1000))) 1of2 attempting to resolve (requested)hostname:\r\n127.0.0.1\r\nglibc64:../sysdeps/posix/getaddrinfo.c:2201/getaddrinfo: integrations-a283a729118a796d[1164929](full:'/home/user/build/2nonpkgs/rust.stuff/tikv/target/debug/deps/integrations-a283a729118a796d') for user user(1000(eff:user(1000))) 2of2 successfully resolved requested hostname('127.0.0.1') which was not transformed('127.0.0.1') as follows:\r\n127.0.0.1 127.0.0.1\r\nglibc64:../sysdeps/posix/getaddrinfo.c:2201/getaddrinfo: integrations-a283a729118a796d[1164929](full:'/home/user/build/2nonpkgs/rust.stuff/tikv/target/debug/deps/integrations-a283a729118a796d') for user user(1000(eff:user(1000))) 1of2 attempting to resolve (requested)hostname:\r\n127.0.0.1\r\nglibc64:../sysdeps/posix/getaddrinfo.c:2201/getaddrinfo: integrations-a283a729118a796d[1164929](full:'/home/user/build/2nonpkgs/rust.stuff/tikv/target/debug/deps/integrations-a283a729118a796d') for user user(1000(eff:user(1000))) 2of2 successfully resolved requested hostname('127.0.0.1') which was not transformed('127.0.0.1') as follows:\r\n127.0.0.1 127.0.0.1\r\nglibc64:../sysdeps/posix/getaddrinfo.c:2201/getaddrinfo: integrations-a283a729118a796d[1164929](full:'/home/user/build/2nonpkgs/rust.stuff/tikv/target/debug/deps/integrations-a283a729118a796d') for user user(1000(eff:user(1000))) 1of2 attempting to resolve (requested)hostname:\r\n127.0.0.1\r\nglibc64:../sysdeps/posix/getaddrinfo.c:2201/getaddrinfo: integrations-a283a729118a796d[1164929](full:'/home/user/build/2nonpkgs/rust.stuff/tikv/target/debug/deps/integrations-a283a729118a796d') for user user(1000(eff:user(1000))) 2of2 successfully resolved requested hostname('127.0.0.1') which was not transformed('127.0.0.1') as follows:\r\n127.0.0.1 127.0.0.1\r\nglibc64:../sysdeps/posix/getaddrinfo.c:2201/getaddrinfo: integrations-a283a729118a796d[1164929](full:'/home/user/build/2nonpkgs/rust.stuff/tikv/target/debug/deps/integrations-a283a729118a796d') for user user(1000(eff:user(1000))) 1of2 attempting to resolve (requested)hostname:\r\n127.0.0.1\r\nglibc64:../sysdeps/posix/getaddrinfo.c:2201/getaddrinfo: integrations-a283a729118a796d[1164929](full:'/home/user/build/2nonpkgs/rust.stuff/tikv/target/debug/deps/integrations-a283a729118a796d') for user user(1000(eff:user(1000))) 2of2 successfully resolved requested hostname('127.0.0.1') which was not transformed('127.0.0.1') as follows:\r\n127.0.0.1 127.0.0.1\r\nglibc64:../sysdeps/posix/getaddrinfo.c:2201/getaddrinfo: integrations-a283a729118a796d[1164929](full:'/home/user/build/2nonpkgs/rust.stuff/tikv/target/debug/deps/integrations-a283a729118a796d') for user user(1000(eff:user(1000))) 1of2 attempting to resolve (requested)hostname:\r\n127.0.0.1\r\nglibc64:../sysdeps/posix/getaddrinfo.c:2201/getaddrinfo: integrations-a283a729118a796d[1164929](full:'/home/user/build/2nonpkgs/rust.stuff/tikv/target/debug/deps/integrations-a283a729118a796d') for user user(1000(eff:user(1000))) 2of2 successfully resolved requested hostname('127.0.0.1') which was not transformed('127.0.0.1') as follows:\r\n127.0.0.1 127.0.0.1\r\nglibc64:../sysdeps/posix/getaddrinfo.c:2201/getaddrinfo: integrations-a283a729118a796d[1164929](full:'/home/user/build/2nonpkgs/rust.stuff/tikv/target/debug/deps/integrations-a283a729118a796d') for user user(1000(eff:user(1000))) 1of2 attempting to resolve (requested)hostname:\r\n127.0.0.1\r\nglibc64:../sysdeps/posix/getaddrinfo.c:2201/getaddrinfo: integrations-a283a729118a796d[1164929](full:'/home/user/build/2nonpkgs/rust.stuff/tikv/target/debug/deps/integrations-a283a729118a796d') for user user(1000(eff:user(1000))) 1of2 attempting to resolve (requested)hostname:\r\n127.0.0.1\r\nglibc64:../sysdeps/posix/getaddrinfo.c:2201/getaddrinfo: integrations-a283a729118a796d[1164929](full:'/home/user/build/2nonpkgs/rust.stuff/tikv/target/debug/deps/integrations-a283a729118a796d') for user user(1000(eff:user(1000))) 2of2 successfully resolved requested hostname('127.0.0.1') which was not transformed('127.0.0.1') as follows:\r\n127.0.0.1 127.0.0.1\r\nintegrations-a283a729118a796d: integrations-a283a729118a796d[1164929](full:'/home/user/build/2nonpkgs/rust.stuff/tikv/target/debug/deps/integrations-a283a729118a796d') for user user(1000(eff:user(1000))) 2of2 successfully resolved requested hostname('127.0.0.1') which was not transformed('127.0.0.1') as follows:\r\n127.0.0.1 127.0.0.1\r\nglibc64:../sysdeps/posix/getaddrinfo.c:2201/getaddrinfo: integrations-a283a729118a796d[1164929](full:'/home/user/build/2nonpkgs/rust.stuff/tikv/target/debug/deps/integrations-a283a729118a796d') for user user(1000(eff:user(1000))) 1of2 attempting to resolve (requested)hostname:\r\n127.0.0.1\r\nglibc64:../sysdeps/posix/getaddrinfo.c:2201/getaddrinfo: integrations-a283a729118a796d[1164929](full:'/home/user/build/2nonpkgs/rust.stuff/tikv/target/debug/deps/integrations-a283a729118a796d') for user user(1000(eff:user(1000))) 2of2 successfully resolved requested hostname('127.0.0.1') which was not transformed('127.0.0.1') as follows:\r\n127.0.0.1 127.0.0.1\r\nglibc64:../sysdeps/posix/getaddrinfo.c:2201/getaddrinfo: integrations-a283a729118a796d[1164929](full:'/home/user/build/2nonpkgs/rust.stuff/tikv/target/debug/deps/integrations-a283a729118a796d') for user user(1000(eff:user(1000))) 1of2 attempting to resolve (requested)hostname:\r\n127.0.0.1\r\nglibc64:../sysdeps/posix/getaddrinfo.c:2201/getaddrinfo: integrations-a283a729118a796d[1164929](full:'/home/user/build/2nonpkgs/rust.stuff/tikv/target/debug/deps/integrations-a283a729118a796d') for user user(1000(eff:user(1000))) 2of2 successfully resolved requested hostname('127.0.0.1') which was not transformed('127.0.0.1') as follows:\r\n127.0.0.1 127.0.0.1\r\nglibc64:../sysdeps/posix/getaddrinfo.c:2201/getaddrinfo: integrations-a283a729118a796d[1164929](full:'/home/user/build/2nonpkgs/rust.stuff/tikv/target/debug/deps/integrations-a283a729118a796d') for user user(1000(eff:user(1000))) 1of2 attempting to resolve (requested)hostname:\r\n127.0.0.1\r\nglibc64:../sysdeps/posix/getaddrinfo.c:2201/getaddrinfo: integrations-a283a729118a796d[1164929](full:'/home/user/build/2nonpkgs/rust.stuff/tikv/target/debug/deps/integrations-a283a729118a796d') for user user(1000(eff:user(1000))) 2of2 successfully resolved requested hostname('127.0.0.1') which was not transformed('127.0.0.1') as follows:\r\n127.0.0.1 127.0.0.1\r\nglibc64:../sysdeps/posix/getaddrinfo.c:2201/getaddrinfo: integrations-a283a729118a796d[1164929](full:'/home/user/build/2nonpkgs/rust.stuff/tikv/target/debug/deps/integrations-a283a729118a796d') for user user(1000(eff:user(1000))) 1of2 attempting to resolve (requested)hostname:\r\n127.0.0.1\r\nglibc64:../sysdeps/posix/getaddrinfo.c:2201/getaddrinfo: integrations-a283a729118a796d[1164929](full:'/home/user/build/2nonpkgs/rust.stuff/tikv/target/debug/deps/integrations-a283a729118a796d') for user user(1000(eff:user(1000))) 2of2 successfully resolved requested hostname('127.0.0.1') which was not transformed('127.0.0.1') as follows:\r\n127.0.0.1 127.0.0.1\r\nglibc64:../sysdeps/posix/getaddrinfo.c:2201/getaddrinfo: integrations-a283a729118a796d[1164929](full:'/home/user/build/2nonpkgs/rust.stuff/tikv/target/debug/deps/integrations-a283a729118a796d') for user user(1000(eff:user(1000))) 1of2 attempting to resolve (requested)hostname:\r\n127.0.0.1\r\nglibc64:../sysdeps/posix/getaddrinfo.c:2201/getaddrinfo: integrations-a283a729118a796d[1164929](full:'/home/user/build/2nonpkgs/rust.stuff/tikv/target/debug/deps/integrations-a283a729118a796d') for user user(1000(eff:user(1000))) 2of2 successfully resolved requested hostname('127.0.0.1') which was not transformed('127.0.0.1') as follows:\r\n127.0.0.1 127.0.0.1\r\nglibc64:../sysdeps/posix/getaddrinfo.c:2201/getaddrinfo: integrations-a283a729118a796d[1164929](full:'/home/user/build/2nonpkgs/rust.stuff/tikv/target/debug/deps/integrations-a283a729118a796d') for user user(1000(eff:user(1000))) 1of2 attempting to resolve (requested)hostname:\r\n127.0.0.1\r\nglibc64:../sysdeps/posix/getaddrinfo.c:2201/getaddrinfo: integrations-a283a729118a796d[1164929](full:'/home/user/build/2nonpkgs/rust.stuff/tikv/target/debug/deps/integrations-a283a729118a796d') for user user(1000(eff:user(1000))) 2of2 successfully resolved requested hostname('127.0.0.1') which was not transformed('127.0.0.1') as follows:\r\n127.0.0.1 127.0.0.1\r\nglibc64:../sysdeps/posix/getaddrinfo.c:2201/getaddrinfo: integrations-a283a729118a796d[1164929](full:'/home/user/build/2nonpkgs/rust.stuff/tikv/target/debug/deps/integrations-a283a729118a796d') for user user(1000(eff:user(1000))) 1of2 attempting to resolve (requested)hostname:\r\n127.0.0.1\r\nglibc64:../sysdeps/posix/getaddrinfo.c:2201/getaddrinfo: integrations-a283a729118a796d[1164929](full:'/home/user/build/2nonpkgs/rust.stuff/tikv/target/debug/deps/integrations-a283a729118a796d') for user user(1000(eff:user(1000))) 2of2 successfully resolved requested hostname('127.0.0.1') which was not transformed('127.0.0.1') as follows:\r\n127.0.0.1 127.0.0.1\r\nglibc64:../sysdeps/posix/getaddrinfo.c:2201/getaddrinfo: integrations-a283a729118a796d[1164929](full:'/home/user/build/2nonpkgs/rust.stuff/tikv/target/debug/deps/integrations-a283a729118a796d') for user user(1000(eff:user(1000))) 1of2 attempting to resolve (requested)hostname:\r\n127.0.0.1\r\nglibc64:../sysdeps/posix/getaddrinfo.c:2201/getaddrinfo: integrations-a283a729118a796d[1164929](full:'/home/user/build/2nonpkgs/rust.stuff/tikv/target/debug/deps/integrations-a283a729118a796d') for user user(1000(eff:user(1000))) 2of2 successfully resolved requested hostname('127.0.0.1') which was not transformed('127.0.0.1') as follows:\r\n127.0.0.1 127.0.0.1\r\nglibc64:../sysdeps/posix/getaddrinfo.c:2201/getaddrinfo: integrations-a283a729118a796d[1164929](full:'/home/user/build/2nonpkgs/rust.stuff/tikv/target/debug/deps/integrations-a283a729118a796d') for user user(1000(eff:user(1000))) 1of2 attempting to resolve (requested)hostname:\r\n127.0.0.1\r\nglibc64:../sysdeps/posix/getaddrinfo.c:2201/getaddrinfo: integrations-a283a729118a796d[1164929](full:'/home/user/build/2nonpkgs/rust.stuff/tikv/target/debug/deps/integrations-a283a729118a796d') for user user(1000(eff:user(1000))) 2of2 successfully resolved requested hostname('127.0.0.1') which was not transformed('127.0.0.1') as follows:\r\n127.0.0.1 127.0.0.1\r\ntest raftstore::test_conf_change::test_server_split_brain ... ok\r\n\r\ntest result: ok. 1 passed; 0 failed; 0 ignored; 0 measured; 288 filtered out\r\n\r\n     Running target/debug/deps/tikv_alloc-2c60ad8db6142120\r\n\r\nrunning 0 tests\r\n\r\ntest result: ok. 0 passed; 0 failed; 0 ignored; 0 measured; 1 filtered out\r\n\r\n     Running target/debug/deps/tikv_util-a03b4aa877ab0f1b\r\n\r\nrunning 0 tests\r\n\r\ntest result: ok. 0 passed; 0 failed; 0 ignored; 0 measured; 119 filtered out\r\n\r\n     Running target/debug/deps/tipb_helper-ff680ee65dacb9c6\r\n\r\nrunning 0 tests\r\n\r\ntest result: ok. 0 passed; 0 failed; 0 ignored; 0 measured; 0 filtered out\r\n\r\n\r\nreal\t0m4.123s\r\nuser\t0m4.249s\r\nsys\t0m1.148s\r\n```\r\n\r\n</details>\r\n\r\n\r\n<s>whatever, I give up</s>"
    },
    {
      "id": 533845715,
      "user": "siddontang",
      "created_at": "2019-09-22T03:04:49Z",
      "body": "PTAL @BusyJay "
    },
    {
      "id": 533868207,
      "user": "ghost",
      "created_at": "2019-09-22T10:18:49Z",
      "body": "Ok, I found out that even when ran alone, it still fails sometimes, for example:\r\n`$ set +e; counter=0; trap 'echo \"Been $counter tries\"' ERR; true; while test \"$?\" == \"0\"; do let 'counter++'; time RUST_BACKTRACE=1 RUSTFLAGS=-Cdebuginfo=2 cargo test --all raftstore::test_conf_change::test_server_split_brain -- --nocapture ; done `\r\n\r\n<details><summary>output</summary>\r\n\r\n```\r\n!! master-installed (default)\r\n!! Executing '/home/user/build/2nonpkgs/rust.stuff/cargo/cargo//target/release//cargo' in pwd='/home/user/build/2nonpkgs/rust.stuff/tikv' with args(5): 'test --all raftstore::test_conf_change::test_server_split_brain -- --nocapture'\r\n    Finished dev [unoptimized + debuginfo] target(s) in 0.54s\r\n     Running target/debug/deps/backup-248c27fd955a2fe7\r\n\r\nrunning 0 tests\r\n\r\ntest result: ok. 0 passed; 0 failed; 0 ignored; 0 measured; 7 filtered out\r\n\r\n     Running target/debug/deps/cmd-b9006753276863bc\r\n\r\nrunning 0 tests\r\n\r\ntest result: ok. 0 passed; 0 failed; 0 ignored; 0 measured; 0 filtered out\r\n\r\n     Running target/debug/deps/tikv_ctl-97d094d1325df856\r\n\r\nrunning 0 tests\r\n\r\ntest result: ok. 0 passed; 0 failed; 0 ignored; 0 measured; 2 filtered out\r\n\r\n     Running target/debug/deps/tikv_server-c23e19a6a06b8d3c\r\n\r\nrunning 0 tests\r\n\r\ntest result: ok. 0 passed; 0 failed; 0 ignored; 0 measured; 0 filtered out\r\n\r\n     Running target/debug/deps/codec-044d8c0f849c42ff\r\n\r\nrunning 0 tests\r\n\r\ntest result: ok. 0 passed; 0 failed; 0 ignored; 0 measured; 82 filtered out\r\n\r\n     Running target/debug/deps/engine-b188d984ef37defa\r\n\r\nrunning 0 tests\r\n\r\ntest result: ok. 0 passed; 0 failed; 0 ignored; 0 measured; 25 filtered out\r\n\r\n     Running target/debug/deps/external_storage-4988e07a9142350b\r\n\r\nrunning 0 tests\r\n\r\ntest result: ok. 0 passed; 0 failed; 0 ignored; 0 measured; 3 filtered out\r\n\r\n     Running target/debug/deps/fuzz-f3dff793f29c1988\r\n\r\nrunning 0 tests\r\n\r\ntest result: ok. 0 passed; 0 failed; 0 ignored; 0 measured; 0 filtered out\r\n\r\n     Running target/debug/deps/fuzz_targets-e1b24d370909a745\r\n\r\nrunning 0 tests\r\n\r\ntest result: ok. 0 passed; 0 failed; 0 ignored; 0 measured; 0 filtered out\r\n\r\n     Running target/debug/deps/fuzzer_afl-86ef046e621fda5c\r\n\r\nrunning 0 tests\r\n\r\ntest result: ok. 0 passed; 0 failed; 0 ignored; 0 measured; 0 filtered out\r\n\r\n     Running target/debug/deps/fuzzer_honggfuzz-5e5cd434dd44c0b1\r\n\r\nrunning 0 tests\r\n\r\ntest result: ok. 0 passed; 0 failed; 0 ignored; 0 measured; 0 filtered out\r\n\r\n     Running target/debug/deps/fuzzer_libfuzzer-0a320d96cf63c736\r\n\r\nrunning 0 tests\r\n\r\ntest result: ok. 0 passed; 0 failed; 0 ignored; 0 measured; 0 filtered out\r\n\r\n     Running target/debug/deps/keys-827caf0ee685ffee\r\n\r\nrunning 0 tests\r\n\r\ntest result: ok. 0 passed; 0 failed; 0 ignored; 0 measured; 7 filtered out\r\n\r\n     Running target/debug/deps/log_wrappers-27fd1652dd182864\r\n\r\nrunning 0 tests\r\n\r\ntest result: ok. 0 passed; 0 failed; 0 ignored; 0 measured; 2 filtered out\r\n\r\n     Running target/debug/deps/match_template-973ec91222b82bee\r\n\r\nrunning 0 tests\r\n\r\ntest result: ok. 0 passed; 0 failed; 0 ignored; 0 measured; 2 filtered out\r\n\r\n     Running target/debug/deps/panic_hook-445b56961b21beaa\r\n\r\nrunning 0 tests\r\n\r\ntest result: ok. 0 passed; 0 failed; 0 ignored; 0 measured; 0 filtered out\r\n\r\n     Running target/debug/deps/pd_client-e2e754210a98801c\r\n\r\nrunning 0 tests\r\n\r\ntest result: ok. 0 passed; 0 failed; 0 ignored; 0 measured; 1 filtered out\r\n\r\n     Running target/debug/deps/profiler-aa4b6882167b555d\r\n\r\nrunning 0 tests\r\n\r\ntest result: ok. 0 passed; 0 failed; 0 ignored; 0 measured; 0 filtered out\r\n\r\n     Running target/debug/deps/sst_importer-d66807a93b25ec5f\r\n\r\nrunning 0 tests\r\n\r\ntest result: ok. 0 passed; 0 failed; 0 ignored; 0 measured; 4 filtered out\r\n\r\n     Running target/debug/deps/test_coprocessor-1e07b971b322606f\r\n\r\nrunning 0 tests\r\n\r\ntest result: ok. 0 passed; 0 failed; 0 ignored; 0 measured; 1 filtered out\r\n\r\n     Running target/debug/deps/test_raftstore-0f0c58deb91e4637\r\n\r\nrunning 0 tests\r\n\r\ntest result: ok. 0 passed; 0 failed; 0 ignored; 0 measured; 0 filtered out\r\n\r\n     Running target/debug/deps/test_storage-26cf9f81a39c9600\r\n\r\nrunning 0 tests\r\n\r\ntest result: ok. 0 passed; 0 failed; 0 ignored; 0 measured; 0 filtered out\r\n\r\n     Running target/debug/deps/test_util-2820b084c43f6ca3\r\n\r\nrunning 0 tests\r\n\r\ntest result: ok. 0 passed; 0 failed; 0 ignored; 0 measured; 1 filtered out\r\n\r\n     Running target/debug/deps/tidb_query-da60cd5a9b0811bf\r\n\r\nrunning 0 tests\r\n\r\ntest result: ok. 0 passed; 0 failed; 0 ignored; 0 measured; 508 filtered out\r\n\r\n     Running target/debug/deps/tidb_query_codegen-635361f42feeabab\r\n\r\nrunning 0 tests\r\n\r\ntest result: ok. 0 passed; 0 failed; 0 ignored; 0 measured; 11 filtered out\r\n\r\n     Running target/debug/deps/tidb_query_datatype-19262fb96d973530\r\n\r\nrunning 0 tests\r\n\r\ntest result: ok. 0 passed; 0 failed; 0 ignored; 0 measured; 0 filtered out\r\n\r\n     Running target/debug/deps/tikv-9301ed19cd0d887d\r\n\r\nrunning 0 tests\r\n\r\ntest result: ok. 0 passed; 0 failed; 0 ignored; 0 measured; 285 filtered out\r\n\r\n     Running target/debug/deps/integrations-af4454caf70e82d5\r\n\r\nrunning 1 test\r\nglibc64:../sysdeps/posix/getaddrinfo.c:2201/getaddrinfo: integrations-af4454caf70e82d5[266476](full:'/home/user/build/2nonpkgs/rust.stuff/tikv/target/debug/deps/integrations-af4454caf70e82d5') for user user(1000(eff:user(1000))) 1of2 attempting to resolve (requested)hostname:\r\n127.0.0.1\r\nglibc64:../sysdeps/posix/getaddrinfo.c:2201/getaddrinfo: integrations-af4454caf70e82d5[266476](full:'/home/user/build/2nonpkgs/rust.stuff/tikv/target/debug/deps/integrations-af4454caf70e82d5') for user user(1000(eff:user(1000))) 2of2 successfully resolved requested hostname('127.0.0.1') which was not transformed('127.0.0.1') as follows:\r\n127.0.0.1 127.0.0.1\r\nglibc64:../sysdeps/posix/getaddrinfo.c:2201/getaddrinfo: integrations-af4454caf70e82d5[266476](full:'/home/user/build/2nonpkgs/rust.stuff/tikv/target/debug/deps/integrations-af4454caf70e82d5') for user user(1000(eff:user(1000))) 1of2 attempting to resolve (requested)hostname:\r\n127.0.0.1\r\nglibc64:../sysdeps/posix/getaddrinfo.c:2201/getaddrinfo: integrations-af4454caf70e82d5[266476](full:'/home/user/build/2nonpkgs/rust.stuff/tikv/target/debug/deps/integrations-af4454caf70e82d5') for user user(1000(eff:user(1000))) 2of2 successfully resolved requested hostname('127.0.0.1') which was not transformed('127.0.0.1') as follows:\r\n127.0.0.1 127.0.0.1\r\nglibc64:../sysdeps/posix/getaddrinfo.c:2201/getaddrinfo: integrations-af4454caf70e82d5[266476](full:'/home/user/build/2nonpkgs/rust.stuff/tikv/target/debug/deps/integrations-af4454caf70e82d5') for user user(1000(eff:user(1000))) 1of2 attempting to resolve (requested)hostname:\r\n127.0.0.1\r\nglibc64:../sysdeps/posix/getaddrinfo.c:2201/getaddrinfo: integrations-af4454caf70e82d5[266476](full:'/home/user/build/2nonpkgs/rust.stuff/tikv/target/debug/deps/integrations-af4454caf70e82d5') for user user(1000(eff:user(1000))) 2of2 successfully resolved requested hostname('127.0.0.1') which was not transformed('127.0.0.1') as follows:\r\n127.0.0.1 127.0.0.1\r\nglibc64:../sysdeps/posix/getaddrinfo.c:2201/getaddrinfo: integrations-af4454caf70e82d5[266476](full:'/home/user/build/2nonpkgs/rust.stuff/tikv/target/debug/deps/integrations-af4454caf70e82d5') for user user(1000(eff:user(1000))) 1of2 attempting to resolve (requested)hostname:\r\n127.0.0.1\r\nglibc64:../sysdeps/posix/getaddrinfo.c:2201/getaddrinfo: integrations-af4454caf70e82d5[266476](full:'/home/user/build/2nonpkgs/rust.stuff/tikv/target/debug/deps/integrations-af4454caf70e82d5') for user user(1000(eff:user(1000))) 2of2 successfully resolved requested hostname('127.0.0.1') which was not transformed('127.0.0.1') as follows:\r\n127.0.0.1 127.0.0.1\r\nglibc64:../sysdeps/posix/getaddrinfo.c:2201/getaddrinfo: integrations-af4454caf70e82d5[266476](full:'/home/user/build/2nonpkgs/rust.stuff/tikv/target/debug/deps/integrations-af4454caf70e82d5') for user user(1000(eff:user(1000))) 1of2 attempting to resolve (requested)hostname:\r\n127.0.0.1\r\nglibc64:../sysdeps/posix/getaddrinfo.c:2201/getaddrinfo: integrations-af4454caf70e82d5[266476](full:'/home/user/build/2nonpkgs/rust.stuff/tikv/target/debug/deps/integrations-af4454caf70e82d5') for user user(1000(eff:user(1000))) 2of2 successfully resolved requested hostname('127.0.0.1') which was not transformed('127.0.0.1') as follows:\r\n127.0.0.1 127.0.0.1\r\nglibc64:../sysdeps/posix/getaddrinfo.c:2201/getaddrinfo: integrations-af4454caf70e82d5[266476](full:'/home/user/build/2nonpkgs/rust.stuff/tikv/target/debug/deps/integrations-af4454caf70e82d5') for user user(1000(eff:user(1000))) 1of2 attempting to resolve (requested)hostname:\r\n127.0.0.1\r\nglibc64:../sysdeps/posix/getaddrinfo.c:2201/getaddrinfo: integrations-af4454caf70e82d5[266476](full:'/home/user/build/2nonpkgs/rust.stuff/tikv/target/debug/deps/integrations-af4454caf70e82d5') for user user(1000(eff:user(1000))) 2of2 successfully resolved requested hostname('127.0.0.1') which was not transformed('127.0.0.1') as follows:\r\n127.0.0.1 127.0.0.1\r\nglibc64:../sysdeps/posix/getaddrinfo.c:2201/getaddrinfo: integrations-af4454caf70e82d5[266476](full:'/home/user/build/2nonpkgs/rust.stuff/tikv/target/debug/deps/integrations-af4454caf70e82d5') for user user(1000(eff:user(1000))) 1of2 attempting to resolve (requested)hostname:\r\n127.0.0.1\r\nglibc64:../sysdeps/posix/getaddrinfo.c:2201/getaddrinfo: integrations-af4454caf70e82d5[266476](full:'/home/user/build/2nonpkgs/rust.stuff/tikv/target/debug/deps/integrations-af4454caf70e82d5') for user user(1000(eff:user(1000))) 2of2 successfully resolved requested hostname('127.0.0.1') which was not transformed('127.0.0.1') as follows:\r\n127.0.0.1 127.0.0.1\r\nglibc64:../sysdeps/posix/getaddrinfo.c:2201/getaddrinfo: integrations-af4454caf70e82d5[266476](full:'/home/user/build/2nonpkgs/rust.stuff/tikv/target/debug/deps/integrations-af4454caf70e82d5') for user user(1000(eff:user(1000))) 1of2 attempting to resolve (requested)hostname:\r\n127.0.0.1\r\nglibc64:../sysdeps/posix/getaddrinfo.c:2201/getaddrinfo: integrations-af4454caf70e82d5[266476](full:'/home/user/build/2nonpkgs/rust.stuff/tikv/target/debug/deps/integrations-af4454caf70e82d5') for user user(1000(eff:user(1000))) 2of2 successfully resolved requested hostname('127.0.0.1') which was not transformed('127.0.0.1') as follows:\r\n127.0.0.1 127.0.0.1\r\nglibc64:../sysdeps/posix/getaddrinfo.c:2201/getaddrinfo: integrations-af4454caf70e82d5[266476](full:'/home/user/build/2nonpkgs/rust.stuff/tikv/target/debug/deps/integrations-af4454caf70e82d5') for user user(1000(eff:user(1000))) 1of2 attempting to resolve (requested)hostname:\r\n127.0.0.1\r\nglibc64:../sysdeps/posix/getaddrinfo.c:2201/getaddrinfo: integrations-af4454caf70e82d5[266476](full:'/home/user/build/2nonpkgs/rust.stuff/tikv/target/debug/deps/integrations-af4454caf70e82d5') for user user(1000(eff:user(1000))) 2of2 successfully resolved requested hostname('127.0.0.1') which was not transformed('127.0.0.1') as follows:\r\n127.0.0.1 127.0.0.1\r\nglibc64:../sysdeps/posix/getaddrinfo.c:2201/getaddrinfo: integrations-af4454caf70e82d5[266476](full:'/home/user/build/2nonpkgs/rust.stuff/tikv/target/debug/deps/integrations-af4454caf70e82d5') for user user(1000(eff:user(1000))) 1of2 attempting to resolve (requested)hostname:\r\n127.0.0.1\r\nglibc64:../sysdeps/posix/getaddrinfo.c:2201/getaddrinfo: integrations-af4454caf70e82d5[266476](full:'/home/user/build/2nonpkgs/rust.stuff/tikv/target/debug/deps/integrations-af4454caf70e82d5') for user user(1000(eff:user(1000))) 2of2 successfully resolved requested hostname('127.0.0.1') which was not transformed('127.0.0.1') as follows:\r\n127.0.0.1 127.0.0.1\r\nglibc64:../sysdeps/posix/getaddrinfo.c:2201/getaddrinfo: integrations-af4454caf70e82d5[266476](full:'/home/user/build/2nonpkgs/rust.stuff/tikv/target/debug/deps/integrations-af4454caf70e82d5') for user user(1000(eff:user(1000))) 1of2 attempting to resolve (requested)hostname:\r\n127.0.0.1\r\nglibc64:../sysdeps/posix/getaddrinfo.c:2201/getaddrinfo: integrations-af4454caf70e82d5[266476](full:'/home/user/build/2nonpkgs/rust.stuff/tikv/target/debug/deps/integrations-af4454caf70e82d5') for user user(1000(eff:user(1000))) 2of2 successfully resolved requested hostname('127.0.0.1') which was not transformed('127.0.0.1') as follows:\r\n127.0.0.1 127.0.0.1\r\nglibc64:../sysdeps/posix/getaddrinfo.c:2201/getaddrinfo: integrations-af4454caf70e82d5[266476](full:'/home/user/build/2nonpkgs/rust.stuff/tikv/target/debug/deps/integrations-af4454caf70e82d5') for user user(1000(eff:user(1000))) 1of2 attempting to resolve (requested)hostname:\r\n127.0.0.1\r\nglibc64:../sysdeps/posix/getaddrinfo.c:2201/getaddrinfo: integrations-af4454caf70e82d5[266476](full:'/home/user/build/2nonpkgs/rust.stuff/tikv/target/debug/deps/integrations-af4454caf70e82d5') for user user(1000(eff:user(1000))) 2of2 successfully resolved requested hostname('127.0.0.1') which was not transformed('127.0.0.1') as follows:\r\n127.0.0.1 127.0.0.1\r\nglibc64:../sysdeps/posix/getaddrinfo.c:2201/getaddrinfo: integrations-af4454caf70e82d5[266476](full:'/home/user/build/2nonpkgs/rust.stuff/tikv/target/debug/deps/integrations-af4454caf70e82d5') for user user(1000(eff:user(1000))) 1of2 attempting to resolve (requested)hostname:\r\n127.0.0.1\r\nglibc64:../sysdeps/posix/getaddrinfo.c:2201/getaddrinfo: integrations-af4454caf70e82d5[266476](full:'/home/user/build/2nonpkgs/rust.stuff/tikv/target/debug/deps/integrations-af4454caf70e82d5') for user user(1000(eff:user(1000))) 2of2 successfully resolved requested hostname('127.0.0.1') which was not transformed('127.0.0.1') as follows:\r\n127.0.0.1 127.0.0.1\r\nglibc64:../sysdeps/posix/getaddrinfo.c:2201/getaddrinfo: integrations-af4454caf70e82d5[266476](full:'/home/user/build/2nonpkgs/rust.stuff/tikv/target/debug/deps/integrations-af4454caf70e82d5') for user user(1000(eff:user(1000))) 1of2 attempting to resolve (requested)hostname:\r\n127.0.0.1\r\nglibc64:../sysdeps/posix/getaddrinfo.c:2201/getaddrinfo: integrations-af4454caf70e82d5[266476](full:'/home/user/build/2nonpkgs/rust.stuff/tikv/target/debug/deps/integrations-af4454caf70e82d5') for user user(1000(eff:user(1000))) 2of2 successfully resolved requested hostname('127.0.0.1') which was not transformed('127.0.0.1') as follows:\r\n127.0.0.1 127.0.0.1\r\nthread 'raftstore::test_conf_change::test_server_split_brain' panicked at 'region Some(id: 1 region_epoch { conf_ver: 3 version: 1 } peers { id: 1 store_id: 1 } peers { id: 2 store_id: 2 } peers { id: 3 store_id: 3 }) has no peer id: 4 store_id: 4', /home/user/build/2nonpkgs/rust.stuff/tikv/components/test_raftstore/src/pd.rs:753:9\r\nstack backtrace:\r\n   0: backtrace::backtrace::libunwind::trace\r\n             at /home/user/.cargo/registry/src/github.com-1ecc6299db9ec823/backtrace-0.3.35/src/backtrace/libunwind.rs:88\r\n   1: backtrace::backtrace::trace_unsynchronized\r\n             at /home/user/.cargo/registry/src/github.com-1ecc6299db9ec823/backtrace-0.3.35/src/backtrace/mod.rs:66\r\n   2: std::sys_common::backtrace::_print\r\n             at src/libstd/sys_common/backtrace.rs:47\r\n   3: std::sys_common::backtrace::print\r\n             at src/libstd/sys_common/backtrace.rs:36\r\n   4: std::panicking::default_hook::{{closure}}\r\n             at src/libstd/panicking.rs:200\r\n   5: std::panicking::default_hook\r\n             at src/libstd/panicking.rs:214\r\n   6: std::panicking::rust_panic_with_hook\r\n             at src/libstd/panicking.rs:477\r\n   7: std::panicking::continue_panic_fmt\r\n             at src/libstd/panicking.rs:384\r\n   8: std::panicking::begin_panic_fmt\r\n             at src/libstd/panicking.rs:339\r\n   9: test_raftstore::pd::TestPdClient::must_have_peer\r\n             at ./components/test_raftstore/src/pd.rs:753\r\n  10: test_raftstore::pd::TestPdClient::must_add_peer\r\n             at ./components/test_raftstore/src/pd.rs:850\r\n  11: integrations::raftstore::test_conf_change::test_split_brain\r\n             at ./tests/integrations/raftstore/test_conf_change.rs:442\r\n  12: integrations::raftstore::test_conf_change::test_server_split_brain\r\n             at ./tests/integrations/raftstore/test_conf_change.rs:498\r\n  13: integrations::raftstore::test_conf_change::test_server_split_brain::{{closure}}\r\n             at ./tests/integrations/raftstore/test_conf_change.rs:495\r\n  14: core::ops::function::FnOnce::call_once\r\n             at /home/user/build/2nonpkgs/rust.stuff/rust/rust/src/libcore/ops/function.rs:227\r\n  15: <alloc::boxed::Box<F> as core::ops::function::FnOnce<A>>::call_once\r\n             at /home/user/build/2nonpkgs/rust.stuff/rust/rust/src/liballoc/boxed.rs:922\r\n  16: __rust_maybe_catch_panic\r\n             at src/libpanic_unwind/lib.rs:80\r\n  17: std::panicking::try\r\n             at /home/user/build/2nonpkgs/rust.stuff/rust/rust/src/libstd/panicking.rs:275\r\n  18: test::run_test::run_test_inner::{{closure}}\r\n             at src/libtest/lib.rs:1413\r\nnote: Some details are omitted, run with `RUST_BACKTRACE=full` for a verbose backtrace.\r\nglibc64:../sysdeps/posix/getaddrinfo.c:2201/getaddrinfo: integrations-af4454caf70e82d5[266476](full:'/home/user/build/2nonpkgs/rust.stuff/tikv/target/debug/deps/integrations-af4454caf70e82d5') for user user(1000(eff:user(1000))) 1of2 attempting to resolve (requested)hostname:\r\n127.0.0.1\r\nglibc64:../sysdeps/posix/getaddrinfo.c:2201/getaddrinfo: integrations-af4454caf70e82d5[266476](full:'/home/user/build/2nonpkgs/rust.stuff/tikv/target/debug/deps/integrations-af4454caf70e82d5') for user user(1000(eff:user(1000))) 2of2 successfully resolved requested hostname('127.0.0.1') which was not transformed('127.0.0.1') as follows:\r\n127.0.0.1 127.0.0.1\r\nglibc64:../sysdeps/posix/getaddrinfo.c:2201/getaddrinfo: integrations-af4454caf70e82d5[266476](full:'/home/user/build/2nonpkgs/rust.stuff/tikv/target/debug/deps/integrations-af4454caf70e82d5') for user user(1000(eff:user(1000))) 1of2 attempting to resolve (requested)hostname:\r\n127.0.0.1\r\nglibc64:../sysdeps/posix/getaddrinfo.c:2201/getaddrinfo: integrations-af4454caf70e82d5[266476](full:'/home/user/build/2nonpkgs/rust.stuff/tikv/target/debug/deps/integrations-af4454caf70e82d5') for user user(1000(eff:user(1000))) 2of2 successfully resolved requested hostname('127.0.0.1') which was not transformed('127.0.0.1') as follows:\r\n127.0.0.1 127.0.0.1\r\nglibc64:../sysdeps/posix/getaddrinfo.c:2201/getaddrinfo: integrations-af4454caf70e82d5[266476](full:'/home/user/build/2nonpkgs/rust.stuff/tikv/target/debug/deps/integrations-af4454caf70e82d5') for user user(1000(eff:user(1000))) 1of2 attempting to resolve (requested)hostname:\r\n127.0.0.1\r\nglibc64:../sysdeps/posix/getaddrinfo.c:2201/getaddrinfo: integrations-af4454caf70e82d5[266476](full:'/home/user/build/2nonpkgs/rust.stuff/tikv/target/debug/deps/integrations-af4454caf70e82d5') for user user(1000(eff:user(1000))) 2of2 successfully resolved requested hostname('127.0.0.1') which was not transformed('127.0.0.1') as follows:\r\n127.0.0.1 127.0.0.1\r\ntest raftstore::test_conf_change::test_server_split_brain ... FAILED\r\n\r\nfailures:\r\n\r\nfailures:\r\n    raftstore::test_conf_change::test_server_split_brain\r\n\r\ntest result: FAILED. 0 passed; 1 failed; 0 ignored; 0 measured; 288 filtered out\r\n\r\nerror: test failed, to rerun pass '-p tikv --test integrations'\r\nBeen 19 tries\r\n\r\nreal\t0m8.968s\r\nuser\t0m8.383s\r\nsys\t0m2.268s\r\n```\r\n\r\n</details>\r\n\r\nand it looks like it's for the same reason as this other test failed here: https://github.com/tikv/tikv/issues/4356#issuecomment-533867910\r\n\r\n**EDIT**: awww, crap I just noticed I ran the command for `raftstore::test_conf_change::test_server_split_brain` instead of for `raftstore::store::fsm::batch::tests::test_batch`, so ignore this whole comment!"
    },
    {
      "id": 533868888,
      "user": "ghost",
      "created_at": "2019-09-22T10:28:50Z",
      "body": "Ignore my previous comment (wrong test name).\r\n\r\nFor `raftstore::store::fsm::batch::tests::test_batch`, it actually does fail(differently! ie. `\"Disconnected(..)\"`) after 196 tries when ran alone, multiple consecutive times:\r\n`$ set +e; counter=0; trap 'echo \"Been $counter tries\"' ERR; true; while test \"$?\" == \"0\"; do let 'counter++'; time RUST_BACKTRACE=1 RUSTFLAGS=-Cdebuginfo=2 cargo test --all raftstore::store::fsm::batch::tests::test_batch -- --nocapture ; done `\r\n\r\n<details><summary>output</summary>\r\n\r\n```\r\n!! master-installed (default)\r\n!! Executing '/home/user/build/2nonpkgs/rust.stuff/cargo/cargo//target/release//cargo' in pwd='/home/user/build/2nonpkgs/rust.stuff/tikv' with args(5): 'test --all raftstore::store::fsm::batch::tests::test_batch -- --nocapture'\r\n    Finished dev [unoptimized + debuginfo] target(s) in 0.95s\r\n     Running target/debug/deps/backup-248c27fd955a2fe7\r\n\r\nrunning 0 tests\r\n\r\ntest result: ok. 0 passed; 0 failed; 0 ignored; 0 measured; 7 filtered out\r\n\r\n     Running target/debug/deps/cmd-b9006753276863bc\r\n\r\nrunning 0 tests\r\n\r\ntest result: ok. 0 passed; 0 failed; 0 ignored; 0 measured; 0 filtered out\r\n\r\n     Running target/debug/deps/tikv_ctl-97d094d1325df856\r\n\r\nrunning 0 tests\r\n\r\ntest result: ok. 0 passed; 0 failed; 0 ignored; 0 measured; 2 filtered out\r\n\r\n     Running target/debug/deps/tikv_server-c23e19a6a06b8d3c\r\n\r\nrunning 0 tests\r\n\r\ntest result: ok. 0 passed; 0 failed; 0 ignored; 0 measured; 0 filtered out\r\n\r\n     Running target/debug/deps/codec-044d8c0f849c42ff\r\n\r\nrunning 0 tests\r\n\r\ntest result: ok. 0 passed; 0 failed; 0 ignored; 0 measured; 82 filtered out\r\n\r\n     Running target/debug/deps/engine-b188d984ef37defa\r\n\r\nrunning 0 tests\r\n\r\ntest result: ok. 0 passed; 0 failed; 0 ignored; 0 measured; 25 filtered out\r\n\r\n     Running target/debug/deps/external_storage-4988e07a9142350b\r\n\r\nrunning 0 tests\r\n\r\ntest result: ok. 0 passed; 0 failed; 0 ignored; 0 measured; 3 filtered out\r\n\r\n     Running target/debug/deps/fuzz-f3dff793f29c1988\r\n\r\nrunning 0 tests\r\n\r\ntest result: ok. 0 passed; 0 failed; 0 ignored; 0 measured; 0 filtered out\r\n\r\n     Running target/debug/deps/fuzz_targets-e1b24d370909a745\r\n\r\nrunning 0 tests\r\n\r\ntest result: ok. 0 passed; 0 failed; 0 ignored; 0 measured; 0 filtered out\r\n\r\n     Running target/debug/deps/fuzzer_afl-86ef046e621fda5c\r\n\r\nrunning 0 tests\r\n\r\ntest result: ok. 0 passed; 0 failed; 0 ignored; 0 measured; 0 filtered out\r\n\r\n     Running target/debug/deps/fuzzer_honggfuzz-5e5cd434dd44c0b1\r\n\r\nrunning 0 tests\r\n\r\ntest result: ok. 0 passed; 0 failed; 0 ignored; 0 measured; 0 filtered out\r\n\r\n     Running target/debug/deps/fuzzer_libfuzzer-0a320d96cf63c736\r\n\r\nrunning 0 tests\r\n\r\ntest result: ok. 0 passed; 0 failed; 0 ignored; 0 measured; 0 filtered out\r\n\r\n     Running target/debug/deps/keys-827caf0ee685ffee\r\n\r\nrunning 0 tests\r\n\r\ntest result: ok. 0 passed; 0 failed; 0 ignored; 0 measured; 7 filtered out\r\n\r\n     Running target/debug/deps/log_wrappers-27fd1652dd182864\r\n\r\nrunning 0 tests\r\n\r\ntest result: ok. 0 passed; 0 failed; 0 ignored; 0 measured; 2 filtered out\r\n\r\n     Running target/debug/deps/match_template-973ec91222b82bee\r\n\r\nrunning 0 tests\r\n\r\ntest result: ok. 0 passed; 0 failed; 0 ignored; 0 measured; 2 filtered out\r\n\r\n     Running target/debug/deps/panic_hook-445b56961b21beaa\r\n\r\nrunning 0 tests\r\n\r\ntest result: ok. 0 passed; 0 failed; 0 ignored; 0 measured; 0 filtered out\r\n\r\n     Running target/debug/deps/pd_client-e2e754210a98801c\r\n\r\nrunning 0 tests\r\n\r\ntest result: ok. 0 passed; 0 failed; 0 ignored; 0 measured; 1 filtered out\r\n\r\n     Running target/debug/deps/profiler-aa4b6882167b555d\r\n\r\nrunning 0 tests\r\n\r\ntest result: ok. 0 passed; 0 failed; 0 ignored; 0 measured; 0 filtered out\r\n\r\n     Running target/debug/deps/sst_importer-d66807a93b25ec5f\r\n\r\nrunning 0 tests\r\n\r\ntest result: ok. 0 passed; 0 failed; 0 ignored; 0 measured; 4 filtered out\r\n\r\n     Running target/debug/deps/test_coprocessor-1e07b971b322606f\r\n\r\nrunning 0 tests\r\n\r\ntest result: ok. 0 passed; 0 failed; 0 ignored; 0 measured; 1 filtered out\r\n\r\n     Running target/debug/deps/test_raftstore-0f0c58deb91e4637\r\n\r\nrunning 0 tests\r\n\r\ntest result: ok. 0 passed; 0 failed; 0 ignored; 0 measured; 0 filtered out\r\n\r\n     Running target/debug/deps/test_storage-26cf9f81a39c9600\r\n\r\nrunning 0 tests\r\n\r\ntest result: ok. 0 passed; 0 failed; 0 ignored; 0 measured; 0 filtered out\r\n\r\n     Running target/debug/deps/test_util-2820b084c43f6ca3\r\n\r\nrunning 0 tests\r\n\r\ntest result: ok. 0 passed; 0 failed; 0 ignored; 0 measured; 1 filtered out\r\n\r\n     Running target/debug/deps/tidb_query-da60cd5a9b0811bf\r\n\r\nrunning 0 tests\r\n\r\ntest result: ok. 0 passed; 0 failed; 0 ignored; 0 measured; 508 filtered out\r\n\r\n     Running target/debug/deps/tidb_query_codegen-635361f42feeabab\r\n\r\nrunning 0 tests\r\n\r\ntest result: ok. 0 passed; 0 failed; 0 ignored; 0 measured; 11 filtered out\r\n\r\n     Running target/debug/deps/tidb_query_datatype-19262fb96d973530\r\n\r\nrunning 0 tests\r\n\r\ntest result: ok. 0 passed; 0 failed; 0 ignored; 0 measured; 0 filtered out\r\n\r\n     Running target/debug/deps/tikv-9301ed19cd0d887d\r\n\r\nrunning 1 test\r\nthread 'raftstore::store::fsm::batch::tests::test_batch' panicked at 'called `Result::unwrap()` on an `Err` value: \"Disconnected(..)\"', src/libcore/result.rs:1084:5\r\nstack backtrace:\r\n   0: backtrace::backtrace::libunwind::trace\r\n             at /home/user/.cargo/registry/src/github.com-1ecc6299db9ec823/backtrace-0.3.35/src/backtrace/libunwind.rs:88\r\n   1: backtrace::backtrace::trace_unsynchronized\r\n             at /home/user/.cargo/registry/src/github.com-1ecc6299db9ec823/backtrace-0.3.35/src/backtrace/mod.rs:66\r\n   2: std::sys_common::backtrace::_print\r\n             at src/libstd/sys_common/backtrace.rs:47\r\n   3: std::sys_common::backtrace::print\r\n             at src/libstd/sys_common/backtrace.rs:36\r\n   4: std::panicking::default_hook::{{closure}}\r\n             at src/libstd/panicking.rs:200\r\n   5: std::panicking::default_hook\r\n             at src/libstd/panicking.rs:214\r\n   6: std::panicking::rust_panic_with_hook\r\n             at src/libstd/panicking.rs:477\r\n   7: std::panicking::continue_panic_fmt\r\n             at src/libstd/panicking.rs:384\r\n   8: rust_begin_unwind\r\n             at src/libstd/panicking.rs:311\r\n   9: core::panicking::panic_fmt\r\n             at src/libcore/panicking.rs:85\r\n  10: core::result::unwrap_failed\r\n             at src/libcore/result.rs:1084\r\n  11: core::result::Result<T,E>::unwrap\r\n             at /home/user/build/2nonpkgs/rust.stuff/rust/rust/src/libcore/result.rs:852\r\n  12: tikv::raftstore::store::fsm::batch::tests::test_batch\r\n             at ./src/raftstore/store/fsm/batch.rs:570\r\n  13: tikv::raftstore::store::fsm::batch::tests::test_batch::{{closure}}\r\n             at ./src/raftstore/store/fsm/batch.rs:549\r\n  14: core::ops::function::FnOnce::call_once\r\n             at /home/user/build/2nonpkgs/rust.stuff/rust/rust/src/libcore/ops/function.rs:227\r\n  15: <alloc::boxed::Box<F> as core::ops::function::FnOnce<A>>::call_once\r\n             at /home/user/build/2nonpkgs/rust.stuff/rust/rust/src/liballoc/boxed.rs:922\r\n  16: __rust_maybe_catch_panic\r\n             at src/libpanic_unwind/lib.rs:80\r\n  17: std::panicking::try\r\n             at /home/user/build/2nonpkgs/rust.stuff/rust/rust/src/libstd/panicking.rs:275\r\n  18: test::run_test::run_test_inner::{{closure}}\r\n             at src/libtest/lib.rs:1413\r\nnote: Some details are omitted, run with `RUST_BACKTRACE=full` for a verbose backtrace.\r\ntest raftstore::store::fsm::batch::tests::test_batch ... FAILED\r\n\r\nfailures:\r\n\r\nfailures:\r\n    raftstore::store::fsm::batch::tests::test_batch\r\n\r\ntest result: FAILED. 0 passed; 1 failed; 0 ignored; 0 measured; 284 filtered out\r\n\r\nerror: test failed, to rerun pass '-p tikv --lib'\r\nBeen 196 tries\r\n\r\nreal\t0m3.724s\r\nuser\t0m2.785s\r\nsys\t0m0.888s\r\n```\r\n\r\n</details>\r\n"
    }
  ]
}