{
  "issue_number": 17268,
  "title": "test_unretryable_failure failed when \"make test\"",
  "body": "## Bug Report\r\n\r\n### What version of TiKV are you using?\r\ncommit 0b97a39d520afcd82a02d0f5c0966d6ccab2cd74 (latest master branch)\r\n\r\n### What operating system and CPU are you using?\r\nrust toolchain: nightly-2023-12-28-aarch64-apple-darwin\r\nmacos 14.1.1 (23B81), Apple M1 Pro\r\n\r\n### Steps to reproduce\r\n<!-- If possible, provide a recipe for reproducing the error. A complete runnable program is good. -->\r\njust run \"make test\" in zsh\r\n\r\n### What did you expect?\r\ni want to fix the bug by myself, and learn rust\r\n\r\n### What did happened?\r\n~/tikv (master) Â» make test                                                                                                                                               gjt@TIEMUHUAGUO-MB1\r\n./scripts/test-all -- --nocapture\r\nmake[1]: Entering directory '/Users/gjt/tikv'\r\nmemory-engine pprof-fp jemalloc test-engine-kv-rocksdb test-engine-raft-raft-engine trace-async-tasks openssl-vendored\r\n    Finished test [unoptimized] target(s) in 2.09s\r\nwarning: the following packages contain code that will be rejected by a future version of Rust: criterion v0.3.5, fs_extra v1.1.0, nom v5.1.0, quick-xml v0.22.0\r\nnote: to see what the problems were, use the option `--future-incompat-report`, or run `cargo report future-incompatibilities --id 2`\r\n     Running unittests src/lib.rs (target/debug/deps/api_version-af3ca4bb13787175)\r\n\r\nrunning 19 tests\r\ntest keyspace::tests::test_v1_parse_keyspace ... ok\r\ntest api_v2::tests::test_encoded_logical_delete ... ok\r\ntest api_v2::tests::test_key_split_ts ... ok\r\ntest keyspace::tests::test_v2_parse_keyspace ... ok\r\ntest tests::test_meta_api_v2 ... ok\r\ntest tests::test_convert_raw_user_key_range ... ok\r\ntest api_v2::tests::test_decode_ts_from ... ok\r\ntest tests::test_parse ... ok\r\ntest tests::test_no_meta ... ok\r\ntest tests::test_parse_range ... ok\r\ntest tests::test_raw_key ... ok\r\ntest tests::test_value_decode_err ... ok\r\ntest tests::test_ttl ... ok\r\ntest tests::test_raw_value_convert ... ok\r\ntest tests::test_raw_key_convert ... ok\r\ntest tests::test_value_valid ... ok\r\ntest api_v2::tests::test_key_encode_err ... ok\r\ntest api_v2::tests::test_append_ts_on_encoded_bytes ... ok\r\ntest api_v2::tests::test_key_decode_err ... ok\r\n\r\ntest result: ok. 19 passed; 0 failed; 0 ignored; 0 measured; 0 filtered out; finished in 0.00s\r\n\r\n     Running unittests src/lib.rs (target/debug/deps/aws-b8b005554b43d433)\r\n\r\nrunning 8 tests\r\ntest s3::tests::test_s3_get_content_md5 ... ok\r\ntest s3::tests::test_url_of_backend ... ok\r\ntest s3::tests::test_try_read_exact ... ok\r\ntest s3::tests::test_s3_config ... ok\r\ntest kms::tests::test_kms_wrong_key_id ... ok\r\ntest kms::tests::test_aws_kms ... ok\r\ntest s3::tests::test_s3_storage_with_virtual_host ... ok\r\ntest s3::tests::test_s3_storage_multi_part ... ok\r\n\r\ntest result: ok. 8 passed; 0 failed; 0 ignored; 0 measured; 0 filtered out; finished in 0.02s\r\n\r\n     Running unittests src/lib.rs (target/debug/deps/azure-60078384f434e0e6)\r\n\r\nrunning 5 tests\r\ntest azblob::tests::test_azblob_config ... ok\r\ntest azblob::tests::test_config_check ... ok\r\ntest azblob::tests::test_url_of_backend ... ok\r\ntest kms::tests::test_init_azure_kms ... ok\r\ntest kms::tests::test_azure_kms ... ok\r\n\r\ntest result: ok. 5 passed; 0 failed; 0 ignored; 0 measured; 0 filtered out; finished in 0.01s\r\n\r\n     Running unittests src/lib.rs (target/debug/deps/backup-08d653ecd8b2e8be)\r\n\r\nrunning 22 tests\r\ntest endpoint::tests::test_backup_file_name ... ok\r\ntest endpoint::tests::test_control_thread_pool_adjust_keep_tasks ... ok\r\ntest endpoint::tests::test_s3_config ... ok\r\ntest endpoint::tests::test_backup_raw_apiv2_causal_ts ... ok\r\ntest endpoint::tests::test_backup_replica_read ... ok\r\ntest endpoint::tests::test_cancel ... ok\r\ntest softlimit::softlimit_test::test_cpu_limit ... ok\r\ntest softlimit::softlimit_test::test_cpu_limit_remain ... ok\r\ntest softlimit::softlimit_test::test_current_idle ... ok\r\ntest endpoint::tests::test_scan_error ... ok\r\ntest utils::tests::test_is_valid_raw_value ... ok\r\ntest utils::tests::test_key_value_codec ... ok\r\ntest softlimit::softlimit_test::test_limit ... ok\r\ntest endpoint::tests::test_adjust_thread_pool_size ... ok\r\ntest endpoint::tests::test_seek_ranges_2 ... ok\r\ntest endpoint::tests::test_seek_range ... ok\r\ntest endpoint::tests::test_seek_ranges ... ok\r\ntest service::tests::test_client_stop ... ok\r\ntest writer::tests::test_writer ... ok\r\ntest endpoint::tests::test_handle_backup_task ... ok\r\ntest endpoint::tests::test_handle_backup_raw ... ok\r\ntest endpoint::tests::test_busy ... ok\r\n\r\ntest result: ok. 22 passed; 0 failed; 0 ignored; 0 measured; 0 filtered out; finished in 6.71s\r\n\r\n     Running unittests src/lib.rs (target/debug/deps/backup_stream-7c639a97b96e99da)\r\n\r\nrunning 68 tests\r\ntest errors::test::baseline                               ... ok\r\ntest errors::test::contextual_add_format_strings          ... ok\r\ntest errors::test::contextual_add_closure                 ... ok\r\ntest errors::test::contextual_add_format_strings_directly ... ok\r\ntest errors::test::contextual_ok                          ... ok\r\ntest errors::test::test_contextual_error ... ok\r\ntest checkpoint_manager::tests::test_mgr ... ok\r\ntest checkpoint_manager::tests::test_mgr_freeze ... ok\r\ntest checkpoint_manager::tests::test_flush ... ok\r\ntest metadata::client::test::test_parse ... ok\r\ntest checkpoint_manager::tests::test_rpc_sub ... ok\r\ntest checkpoint_manager::tests::test_after ... ok\r\ntest checkpoint_manager::tests::test_rpc_failure ... ok\r\ntest metadata::test::test_basic ... ok\r\ntest metadata::test::test_init ... ok\r\ntest metadata::test::test_storage_checkpoint_of ... ok\r\ntest metadata::test::test_set_storage_checkpoint ... ok\r\ntest metadata::test::test_progress ... ok\r\ntest metadata::test::test_watch ... ok\r\ntest observer::tests::test_observer_cancel ... ok\r\nstorage=\"/var/folders/xk/6sr8z2m17bb320b0r38x5h7r0000gn/T/11dc9e79-1320-4e10-abb8-205db45115da\"\r\ntest observer::tests::test_hibernate ... ok\r\nstorage=\"/var/folders/xk/6sr8z2m17bb320b0r38x5h7r0000gn/T/e2b2d433-c035-4478-8bb8-fba63f21e8b8\"\r\ntest router::tests::test_cleanup_when_stop ... ok\r\ntest router::tests::test_decode_begin_ts ... ok\r\ntest observer::tests::test_observer_basic ... ok\r\ntest router::tests::test_empty_resolved_ts ... ok\r\ntest router::tests::test_est_len_in_flush ... ok\r\nstorage=\"/var/folders/xk/6sr8z2m17bb320b0r38x5h7r0000gn/T/d3e5e835-ce0f-4d45-8bae-a02d9432e38e\"\r\ntest router::tests::test_flush_on_events_race ... ok\r\nstorage=\"/var/folders/xk/6sr8z2m17bb320b0r38x5h7r0000gn/T/81e963a5-625f-4c08-9590-5dbd2b8f47eb\"\r\ntest router::tests::test_do_flush ... ok\r\nstorage=\"/var/folders/xk/6sr8z2m17bb320b0r38x5h7r0000gn/T/73a71466-3d40-4af2-b9ca-535c60bcded1\"\r\ntest router::tests::test_flush_with_pausing_self ... ok\r\ntest router::tests::test_format_datetime ... ok\r\ntest router::tests::test_register ... ok\r\ntest router::tests::test_selector ... ok\r\ntest router::tests::test_udpate_invalid_config ... ok\r\ntest router::tests::test_update_config ... ok\r\ntest router::tests::test_update_global_checkpoint ... ok\r\ntest subscription_manager::test::test_always_failure_initial_scan ... ok\r\ntest subscription_manager::test::test_backoff_for_start_observe ... ok\r\ntest router::tests::test_flush_with_error ... ok\r\ntest metadata::checkpoint_cache::test::test_basic ... ok\r\ntest subscription_manager::test::test_basic_retry ... ok\r\ntest subscription_manager::test::test_on_high_mem ... ok\r\nthread 'subscription_manager::test::test_unretryable_failure' panicked at components/backup-stream/src/subscription_manager.rs:1078:14:\r\ncalled `Result::unwrap()` on an `Err` value: Io(Os { code: 17, kind: AlreadyExists, message: \"File exists\" })\r\nstack backtrace:\r\ntest subscription_track::test::test_cal_checkpoint ... ok\r\ntest subscription_track::test::test_delay_remove ... ok\r\ntest subscription_track::test::test_two_phase_resolver ... ok\r\ntest tempfiles::test::test_compression ... ok\r\ntest subscription_manager::test::test_region_split_inflight ... ok\r\ntest tempfiles::test::test_panic_not_leaked ... ok\r\ntest tempfiles::test::test_not_leaked ... ok\r\ntest tempfiles::test::test_read_many_times ... ok\r\ntest tempfiles::test::test_read ... ok\r\ntest tempfiles::test::test_swapout ... ok\r\ntest tempfiles::test::test_write_many_times ... ok\r\ntest event_loader::tests::test_disk_read ... ok\r\n1test for compression writer. try to write to local path, and read it back.2,74\r\ntest utils::test::test_compression_writer ... ok\r\ntest utils::test::test_range_functions ... ok\r\nwalking /var/folders/xk/6sr8z2m17bb320b0r38x5h7r0000gn/T/11dc9e79-1320-4e10-abb8-205db45115da\r\nwalking /var/folders/xk/6sr8z2m17bb320b0r38x5h7r0000gn/T/11dc9e79-1320-4e10-abb8-205db45115da/v1\r\nwalking /var/folders/xk/6sr8z2m17bb320b0r38x5h7r0000gn/T/11dc9e79-1320-4e10-abb8-205db45115da/v1/backupmeta\r\nwalking /var/folders/xk/6sr8z2m17bb320b0r38x5h7r0000gn/T/11dc9e79-1320-4e10-abb8-205db45115da/v1/backupmeta/1720757851162-b8f8f05d-4bb6-4a8b-be07-bae43916defb.meta\r\nwalking /var/folders/xk/6sr8z2m17bb320b0r38x5h7r0000gn/T/11dc9e79-1320-4e10-abb8-205db45115da/v1/20240712\r\nwalking /var/folders/xk/6sr8z2m17bb320b0r38x5h7r0000gn/T/11dc9e79-1320-4e10-abb8-205db45115da/v1/20240712/04\r\nwalking /var/folders/xk/6sr8z2m17bb320b0r38x5h7r0000gn/T/11dc9e79-1320-4e10-abb8-205db45115da/v1/20240712/04/1\r\nwalking /var/folders/xk/6sr8z2m17bb320b0r38x5h7r0000gn/T/11dc9e79-1320-4e10-abb8-205db45115da/v1/20240712/04/1/451086346135011328-68f81ef8-fb72-404e-8d69-2c144f723920.log\r\nwalking /var/folders/xk/6sr8z2m17bb320b0r38x5h7r0000gn/T/11dc9e79-1320-4e10-abb8-205db45115da/v1/20240712/04/1/451086346135011328-7400fb4a-d27d-4be5-8954-022f8a57f221.log\r\ntest router::tests::test_basic_file ... ok\r\ntest utils::test::test_redact ... ok\r\ntest utils::test::test_segment_tree ... ok\r\ntest utils::test::test_files_reader ... ok\r\ntest utils::test::test_recorder ... ok\r\ntest tempfiles::test::test_various_encryption ... ok\r\n   0:        0x104534560 - std::backtrace_rs::backtrace::libunwind::trace::h63a26b7f922d48be\r\n                               at /rustc/89e2160c4ca5808657ed55392620ed1dbbce78d1/library/std/src/../../backtrace/src/backtrace/libunwind.rs:104:5\r\n   1:        0x104534560 - std::backtrace_rs::backtrace::trace_unsynchronized::hd965fd1079def065\r\n                               at /rustc/89e2160c4ca5808657ed55392620ed1dbbce78d1/library/std/src/../../backtrace/src/backtrace/mod.rs:66:5\r\n   2:        0x104534560 - std::sys_common::backtrace::_print_fmt::h46aacd3db9ea9c80\r\n                               at /rustc/89e2160c4ca5808657ed55392620ed1dbbce78d1/library/std/src/sys_common/backtrace.rs:68:5\r\n   3:        0x104534560 - <std::sys_common::backtrace::_print::DisplayBacktrace as core::fmt::Display>::fmt::h79701f7bfd42493b\r\n                               at /rustc/89e2160c4ca5808657ed55392620ed1dbbce78d1/library/std/src/sys_common/backtrace.rs:44:22\r\n   4:        0x104556634 - core::fmt::rt::Argument::fmt::hb4568520b46d326a\r\n                               at /rustc/89e2160c4ca5808657ed55392620ed1dbbce78d1/library/core/src/fmt/rt.rs:142:9\r\n   5:        0x104556634 - core::fmt::write::h68d6fc01ae5c4452\r\n                               at /rustc/89e2160c4ca5808657ed55392620ed1dbbce78d1/library/core/src/fmt/mod.rs:1120:17\r\n   6:        0x104530e48 - std::io::Write::write_fmt::ha312077183afba78\r\n                               at /rustc/89e2160c4ca5808657ed55392620ed1dbbce78d1/library/std/src/io/mod.rs:1810:15\r\n   7:        0x104534394 - std::sys_common::backtrace::_print::h6a83aa82425f6209\r\n                               at /rustc/89e2160c4ca5808657ed55392620ed1dbbce78d1/library/std/src/sys_common/backtrace.rs:47:5\r\n   8:        0x104534394 - std::sys_common::backtrace::print::h93d2f4c2c9309eca\r\n                               at /rustc/89e2160c4ca5808657ed55392620ed1dbbce78d1/library/std/src/sys_common/backtrace.rs:34:9\r\n   9:        0x104535cfc - std::panicking::default_hook::{{closure}}::he5d3e5fda0e121fc\r\n  10:        0x104535a44 - std::panicking::default_hook::h5c4259bfa5dbe81c\r\n                               at /rustc/89e2160c4ca5808657ed55392620ed1dbbce78d1/library/std/src/panicking.rs:292:9\r\n  11:        0x104536144 - std::panicking::rust_panic_with_hook::h3f5fa8b2def27f76\r\n                               at /rustc/89e2160c4ca5808657ed55392620ed1dbbce78d1/library/std/src/panicking.rs:779:13\r\n  12:        0x104536038 - std::panicking::begin_panic_handler::{{closure}}::h65e896afea09d287\r\n                               at /rustc/89e2160c4ca5808657ed55392620ed1dbbce78d1/library/std/src/panicking.rs:657:13\r\n  13:        0x1045349e4 - std::sys_common::backtrace::__rust_end_short_backtrace::hc7ce49dedf831ac7\r\n                               at /rustc/89e2160c4ca5808657ed55392620ed1dbbce78d1/library/std/src/sys_common/backtrace.rs:171:18\r\n  14:        0x104535dc0 - rust_begin_unwind\r\n                               at /rustc/89e2160c4ca5808657ed55392620ed1dbbce78d1/library/std/src/panicking.rs:645:5\r\n  15:        0x1045d3628 - core::panicking::panic_fmt::hf894f44550f56762\r\n                               at /rustc/89e2160c4ca5808657ed55392620ed1dbbce78d1/library/core/src/panicking.rs:72:14\r\n  16:        0x1045d3a20 - core::result::unwrap_failed::h1470ce536ebb41f0\r\n                               at /rustc/89e2160c4ca5808657ed55392620ed1dbbce78d1/library/core/src/result.rs:1649:5\r\n  17:        0x102a7a220 - core::result::Result<T,E>::unwrap::h404edb795054797a\r\n  18:        0x10283a78c - backup_stream::subscription_manager::test::Suite::new::hf44a64646d8d0fbe\r\n  19:        0x102b0e860 - backup_stream::subscription_manager::test::test_unretryable_failure::h8e155fe42658dec1\r\n  20:        0x10285bb9c - backup_stream::subscription_manager::test::test_unretryable_failure::{{closure}}::h0f0ef7920a387311\r\n  21:        0x10290f15c - core::ops::function::FnOnce::call_once::h3350b07d88f70d63\r\n  22:        0x10450e2e8 - core::ops::function::FnOnce::call_once::h231fada922778131\r\n                               at /rustc/89e2160c4ca5808657ed55392620ed1dbbce78d1/library/core/src/ops/function.rs:250:5\r\n  23:        0x10450e2e8 - test::__rust_begin_short_backtrace::hfc8f83461be24888\r\n                               at /rustc/89e2160c4ca5808657ed55392620ed1dbbce78d1/library/test/src/lib.rs:627:18\r\n  24:        0x10450d2cc - test::run_test_in_process::{{closure}}::h706d45f13684ae48\r\n                               at /rustc/89e2160c4ca5808657ed55392620ed1dbbce78d1/library/test/src/lib.rs:650:60\r\n  25:        0x10450d2cc - <core::panic::unwind_safe::AssertUnwindSafe<F> as core::ops::function::FnOnce<()>>::call_once::h0c04158a97d5d7fc\r\n                               at /rustc/89e2160c4ca5808657ed55392620ed1dbbce78d1/library/core/src/panic/unwind_safe.rs:272:9\r\n  26:        0x10450d2cc - std::panicking::try::do_call::hff4cc4d3d0c4c36d\r\n                               at /rustc/89e2160c4ca5808657ed55392620ed1dbbce78d1/library/std/src/panicking.rs:552:40\r\n  27:        0x10450d2cc - std::panicking::try::h1dcdff3fe533a377\r\n                               at /rustc/89e2160c4ca5808657ed55392620ed1dbbce78d1/library/std/src/panicking.rs:516:19\r\n  28:        0x10450d2cc - std::panic::catch_unwind::h22fbcc0a04638226\r\n                               at /rustc/89e2160c4ca5808657ed55392620ed1dbbce78d1/library/std/src/panic.rs:142:14\r\n  29:        0x10450d2cc - test::run_test_in_process::h02e987757f9ecf4d\r\n                               at /rustc/89e2160c4ca5808657ed55392620ed1dbbce78d1/library/test/src/lib.rs:650:27\r\n  30:        0x10450d2cc - test::run_test::{{closure}}::h43594285d3a512ba\r\n                               at /rustc/89e2160c4ca5808657ed55392620ed1dbbce78d1/library/test/src/lib.rs:573:43\r\n  31:        0x1044df670 - test::run_test::{{closure}}::hc378b1925e9a62fd\r\n                               at /rustc/89e2160c4ca5808657ed55392620ed1dbbce78d1/library/test/src/lib.rs:601:41\r\n  32:        0x1044df670 - std::sys_common::backtrace::__rust_begin_short_backtrace::h8c541319b31dc915\r\n                               at /rustc/89e2160c4ca5808657ed55392620ed1dbbce78d1/library/std/src/sys_common/backtrace.rs:155:18\r\n  33:        0x1044e3e8c - std::thread::Builder::spawn_unchecked_::{{closure}}::{{closure}}::h4b3e56524d1662e4\r\n                               at /rustc/89e2160c4ca5808657ed55392620ed1dbbce78d1/library/std/src/thread/mod.rs:529:17\r\n  34:        0x1044e3e8c - <core::panic::unwind_safe::AssertUnwindSafe<F> as core::ops::function::FnOnce<()>>::call_once::h8822bf25d4b6d0ad\r\n                               at /rustc/89e2160c4ca5808657ed55392620ed1dbbce78d1/library/core/src/panic/unwind_safe.rs:272:9\r\n  35:        0x1044e3e8c - std::panicking::try::do_call::hb3a053d3c91c5907\r\n                               at /rustc/89e2160c4ca5808657ed55392620ed1dbbce78d1/library/std/src/panicking.rs:552:40\r\n  36:        0x1044e3e8c - std::panicking::try::h94e64f94b73fda84\r\n                               at /rustc/89e2160c4ca5808657ed55392620ed1dbbce78d1/library/std/src/panicking.rs:516:19\r\n  37:        0x1044e3e8c - std::panic::catch_unwind::h4b449330c8d693d3\r\n                               at /rustc/89e2160c4ca5808657ed55392620ed1dbbce78d1/library/std/src/panic.rs:142:14\r\n  38:        0x1044e3e8c - std::thread::Builder::spawn_unchecked_::{{closure}}::h8ef6cab35b213aa4\r\n                               at /rustc/89e2160c4ca5808657ed55392620ed1dbbce78d1/library/std/src/thread/mod.rs:528:30\r\n  39:        0x1044e3e8c - core::ops::function::FnOnce::call_once{{vtable.shim}}::he3c059cb06d63cc3\r\n                               at /rustc/89e2160c4ca5808657ed55392620ed1dbbce78d1/library/core/src/ops/function.rs:250:5\r\n  40:        0x10453ac5c - <alloc::boxed::Box<F,A> as core::ops::function::FnOnce<Args>>::call_once::h63a4910eee98e3aa\r\n                               at /rustc/89e2160c4ca5808657ed55392620ed1dbbce78d1/library/alloc/src/boxed.rs:2015:9\r\n  41:        0x10453ac5c - <alloc::boxed::Box<F,A> as core::ops::function::FnOnce<Args>>::call_once::h8d24a93e7fea474d\r\n                               at /rustc/89e2160c4ca5808657ed55392620ed1dbbce78d1/library/alloc/src/boxed.rs:2015:9\r\n  42:        0x10453ac5c - std::sys::unix::thread::Thread::new::thread_start::h08e633abca8932bb\r\n                               at /rustc/89e2160c4ca5808657ed55392620ed1dbbce78d1/library/std/src/sys/unix/thread.rs:108:17\r\n  43:        0x188b59034 - __pthread_joiner_wake\r\ntest subscription_manager::test::test_unretryable_failure ... FAILED\r\ntest metadata::store::pd::tests::test_watch ... ok\r\ntest metadata::store::pd::tests::test_query ... ok\r\ntest utils::test::test_wait_group ... ok\r\ntest endpoint::test::test_start ... ok\r\ntest metadata::store::pd::tests::test_retry ... ok\r\ntest metadata::store::pd::tests::test_check_error ... ok\r\n\r\nfailures:\r\n\r\nfailures:\r\n    subscription_manager::test::test_unretryable_failure\r\n\r\ntest result: FAILED. 67 passed; 1 failed; 0 ignored; 0 measured; 0 filtered out; finished in 6.07s\r\n\r\nerror: test failed, to rerun pass `-p backup-stream --lib`\r\nmake[1]: Leaving directory '/Users/gjt/tikv'\r\n",
  "state": "open",
  "created_at": "2024-07-12T04:25:51Z",
  "updated_at": "2024-11-01T10:16:28Z",
  "closed_at": null,
  "labels": [
    "type/bug",
    "severity/major",
    "component/test",
    "may-affects-5.4",
    "may-affects-6.1",
    "may-affects-6.5",
    "may-affects-7.1",
    "may-affects-7.5",
    "flaky_test",
    "may-affects-8.1",
    "affects-8.5"
  ],
  "comments_data": [
    {
      "id": 2225017256,
      "user": "han-ian",
      "created_at": "2024-07-12T07:46:16Z",
      "body": "I also had a similar problem, same as  https://github.com/tikv/tikv/issues/14594\r\n\r\nI feel like no one cares about these issues."
    },
    {
      "id": 2227915312,
      "user": "glorv",
      "created_at": "2024-07-15T08:04:31Z",
      "body": "/cc @YuJuncen  Seems the failure is due to multiple backup-steam tests concurrently visit the same temp file."
    }
  ]
}