{
  "issue_number": 10306,
  "title": "Test test_rate_limited_light_flow fails",
  "body": "## Bug Report\r\n\r\nhttps://ci.pingcap.net/blue/organizations/jenkins/tikv_ghpr_test/detail/tikv_ghpr_test/1806/pipeline#step-356-log-204\r\n\r\n```\r\n[2021-06-04T09:12:37.941Z] test rate_limiter::tests::test_rate_limited_light_flow ... thread 'main' panicked at 'assertion failed: (stats.fetch(IOType::Compaction, IOOp::Write) as f64) >=\\n    (actual_kbytes_per_sec as f64 * duration.as_secs_f64() * 1000.0) * 0.9', components/file_system/src/rate_limiter.rs:703:9\r\n\r\n[2021-06-04T09:12:37.941Z] stack backtrace:\r\n\r\n[2021-06-04T09:12:38.241Z]    0: rust_begin_unwind\r\n\r\n[2021-06-04T09:12:38.241Z]              at /rustc/16bf626a31cb5b121d0bca2baa969b4f67eb0dab/library/std/src/panicking.rs:493:5\r\n\r\n[2021-06-04T09:12:38.241Z]    1: core::panicking::panic_fmt\r\n\r\n[2021-06-04T09:12:38.241Z]              at /rustc/16bf626a31cb5b121d0bca2baa969b4f67eb0dab/library/core/src/panicking.rs:92:14\r\n\r\n[2021-06-04T09:12:38.241Z]    2: core::panicking::panic\r\n\r\n[2021-06-04T09:12:38.241Z]              at /rustc/16bf626a31cb5b121d0bca2baa969b4f67eb0dab/library/core/src/panicking.rs:50:5\r\n\r\n[2021-06-04T09:12:38.241Z]    3: file_system::rate_limiter::tests::test_rate_limited_light_flow\r\n\r\n[2021-06-04T09:12:38.241Z]              at ./components/file_system/src/rate_limiter.rs:703:9\r\n\r\n[2021-06-04T09:12:38.241Z]    4: file_system::rate_limiter::tests::test_rate_limited_light_flow::{{closure}}\r\n\r\n[2021-06-04T09:12:38.241Z]              at ./components/file_system/src/rate_limiter.rs:682:5\r\n\r\n[2021-06-04T09:12:38.241Z]    5: core::ops::function::FnOnce::call_once\r\n\r\n[2021-06-04T09:12:38.241Z]              at /rustc/16bf626a31cb5b121d0bca2baa969b4f67eb0dab/library/core/src/ops/function.rs:227:5\r\n\r\n[2021-06-04T09:12:38.241Z]    6: core::ops::function::FnOnce::call_once\r\n\r\n[2021-06-04T09:12:38.241Z]              at /rustc/16bf626a31cb5b121d0bca2baa969b4f67eb0dab/library/core/src/ops/function.rs:227:5\r\n\r\n[2021-06-04T09:12:38.241Z] note: Some details are omitted, run with `RUST_BACKTRACE=full` for a verbose backtrace.\r\n\r\n[2021-06-04T09:12:38.241Z] FAILED\r\n```",
  "state": "closed",
  "created_at": "2021-06-04T10:04:01Z",
  "updated_at": "2021-06-04T10:38:28Z",
  "closed_at": "2021-06-04T10:38:28Z",
  "labels": [
    "type/bug",
    "component/test-bench"
  ],
  "comments_data": []
}